<?xml version="1.0" encoding="UTF-8"?>
<coverage generated="1467056394747" clover="3.2.0">
	<project timestamp="1467056394747"  name="All Files" >
		<metrics statements="383"  coveredstatements="272"  conditionals="493"  coveredconditionals="247"  methods="181"  coveredmethods="129"  elements="1057"  coveredelements="648"  complexity="0"  packages="5"  files="22"  classes="22"  loc="709"  ncloc="709" />
		<package name="__mocks__" >
			<metrics statements="1"  coveredstatements="1"  conditionals="0"  coveredconditionals="0"  methods="0"  coveredmethods="0" />
			<file name="react-native-i18n.js"  path="/Users/dmh/Coding/Projects/Kort-Reloaded/kort-reloaded/js/__mocks__/react-native-i18n.js" >
				<metrics statements="1"  coveredstatements="1"  conditionals="0"  coveredconditionals="0"  methods="0"  coveredmethods="0" />
				<line num="1"  count="41"  type="stmt" />
			</file>
		</package>
		<package name="constants" >
			<metrics statements="5"  coveredstatements="5"  conditionals="8"  coveredconditionals="6"  methods="2"  coveredmethods="2" />
			<file name="ActionTypes.js"  path="/Users/dmh/Coding/Projects/Kort-Reloaded/kort-reloaded/js/constants/ActionTypes.js" >
				<metrics statements="2"  coveredstatements="2"  conditionals="4"  coveredconditionals="3"  methods="1"  coveredmethods="1" />
				<line num="1"  count="7"  type="cond"  truecount="3"  falsecount="1" />
				<line num="3"  count="7"  type="stmt" />
			</file>
			<file name="Config.js"  path="/Users/dmh/Coding/Projects/Kort-Reloaded/kort-reloaded/js/constants/Config.js" >
				<metrics statements="2"  coveredstatements="2"  conditionals="4"  coveredconditionals="3"  methods="1"  coveredmethods="1" />
				<line num="1"  count="7"  type="stmt" />
				<line num="3"  count="7"  type="cond"  truecount="3"  falsecount="1" />
			</file>
			<file name="SecretConfig.js"  path="/Users/dmh/Coding/Projects/Kort-Reloaded/kort-reloaded/js/constants/SecretConfig.js" >
				<metrics statements="1"  coveredstatements="1"  conditionals="0"  coveredconditionals="0"  methods="0"  coveredmethods="0" />
				<line num="1"  count="7"  type="stmt" />
			</file>
		</package>
		<package name="dispatcher" >
			<metrics statements="1"  coveredstatements="1"  conditionals="0"  coveredconditionals="0"  methods="0"  coveredmethods="0" />
			<file name="AppDispatcher.js"  path="/Users/dmh/Coding/Projects/Kort-Reloaded/kort-reloaded/js/dispatcher/AppDispatcher.js" >
				<metrics statements="1"  coveredstatements="1"  conditionals="0"  coveredconditionals="0"  methods="0"  coveredmethods="0" />
				<line num="1"  count="9"  type="stmt" />
			</file>
		</package>
		<package name="dto" >
			<metrics statements="104"  coveredstatements="90"  conditionals="76"  coveredconditionals="43"  methods="31"  coveredmethods="25" />
			<file name="Answer.js"  path="/Users/dmh/Coding/Projects/Kort-Reloaded/kort-reloaded/js/dto/Answer.js" >
				<metrics statements="7"  coveredstatements="7"  conditionals="2"  coveredconditionals="1"  methods="2"  coveredmethods="2" />
				<line num="1"  count="78"  type="cond"  truecount="1"  falsecount="1" />
				<line num="2"  count="78"  type="stmt" />
				<line num="3"  count="78"  type="stmt" />
				<line num="4"  count="78"  type="stmt" />
				<line num="5"  count="78"  type="stmt" />
				<line num="6"  count="78"  type="stmt" />
				<line num="7"  count="78"  type="stmt" />
			</file>
			<file name="Error.js"  path="/Users/dmh/Coding/Projects/Kort-Reloaded/kort-reloaded/js/dto/Error.js" >
				<metrics statements="4"  coveredstatements="2"  conditionals="2"  coveredconditionals="0"  methods="2"  coveredmethods="0" />
				<line num="1"  count="7"  type="cond"  truecount="0"  falsecount="2" />
				<line num="2"  count="0"  type="stmt" />
				<line num="3"  count="0"  type="stmt" />
				<line num="4"  count="7"  type="stmt" />
			</file>
			<file name="HighscoreEntry.js"  path="/Users/dmh/Coding/Projects/Kort-Reloaded/kort-reloaded/js/dto/HighscoreEntry.js" >
				<metrics statements="12"  coveredstatements="2"  conditionals="2"  coveredconditionals="0"  methods="2"  coveredmethods="0" />
				<line num="1"  count="1"  type="cond"  truecount="0"  falsecount="2" />
				<line num="3"  count="0"  type="stmt" />
				<line num="4"  count="0"  type="stmt" />
				<line num="5"  count="0"  type="stmt" />
				<line num="6"  count="0"  type="stmt" />
				<line num="7"  count="0"  type="stmt" />
				<line num="8"  count="0"  type="stmt" />
				<line num="9"  count="0"  type="stmt" />
				<line num="10"  count="0"  type="stmt" />
				<line num="11"  count="0"  type="stmt" />
				<line num="12"  count="0"  type="stmt" />
				<line num="13"  count="1"  type="stmt" />
			</file>
			<file name="Mission.js"  path="/Users/dmh/Coding/Projects/Kort-Reloaded/kort-reloaded/js/dto/Mission.js" >
				<metrics statements="6"  coveredstatements="6"  conditionals="23"  coveredconditionals="13"  methods="6"  coveredmethods="6" />
				<line num="1"  count="10"  type="cond"  truecount="13"  falsecount="10" />
				<line num="3"  count="2"  type="stmt" />
				<line num="4"  count="2"  type="stmt" />
				<line num="6"  count="10"  type="stmt" />
				<line num="10"  count="10"  type="stmt" />
				<line num="11"  count="10"  type="stmt" />
			</file>
			<file name="Task.js"  path="/Users/dmh/Coding/Projects/Kort-Reloaded/kort-reloaded/js/dto/Task.js" >
				<metrics statements="39"  coveredstatements="39"  conditionals="18"  coveredconditionals="14"  methods="7"  coveredmethods="7" />
				<line num="1"  count="28"  type="cond"  truecount="6"  falsecount="4" />
				<line num="2"  count="2"  type="stmt" />
				<line num="3"  count="28"  type="stmt" />
				<line num="4"  count="28"  type="stmt" />
				<line num="5"  count="28"  type="stmt" />
				<line num="6"  count="28"  type="stmt" />
				<line num="7"  count="28"  type="stmt" />
				<line num="8"  count="28"  type="stmt" />
				<line num="9"  count="28"  type="stmt" />
				<line num="10"  count="28"  type="stmt" />
				<line num="11"  count="28"  type="stmt" />
				<line num="12"  count="28"  type="stmt" />
				<line num="13"  count="28"  type="stmt" />
				<line num="14"  count="28"  type="stmt" />
				<line num="15"  count="28"  type="stmt" />
				<line num="16"  count="28"  type="stmt" />
				<line num="17"  count="28"  type="stmt" />
				<line num="18"  count="28"  type="stmt" />
				<line num="19"  count="28"  type="stmt" />
				<line num="20"  count="28"  type="stmt" />
				<line num="21"  count="28"  type="stmt" />
				<line num="23"  count="28"  type="stmt" />
				<line num="24"  count="28"  type="stmt" />
				<line num="28"  count="28"  type="cond"  truecount="8"  falsecount="0" />
				<line num="30"  count="3"  type="stmt" />
				<line num="31"  count="3"  type="stmt" />
				<line num="33"  count="1"  type="stmt" />
				<line num="34"  count="1"  type="stmt" />
				<line num="36"  count="1"  type="stmt" />
				<line num="37"  count="1"  type="stmt" />
				<line num="39"  count="7"  type="stmt" />
				<line num="40"  count="7"  type="stmt" />
				<line num="42"  count="1"  type="stmt" />
				<line num="43"  count="1"  type="stmt" />
				<line num="45"  count="10"  type="stmt" />
				<line num="46"  count="10"  type="stmt" />
				<line num="48"  count="3"  type="stmt" />
				<line num="49"  count="3"  type="stmt" />
				<line num="51"  count="2"  type="stmt" />
			</file>
			<file name="TaskReward.js"  path="/Users/dmh/Coding/Projects/Kort-Reloaded/kort-reloaded/js/dto/TaskReward.js" >
				<metrics statements="5"  coveredstatements="5"  conditionals="2"  coveredconditionals="1"  methods="2"  coveredmethods="2" />
				<line num="1"  count="6"  type="cond"  truecount="1"  falsecount="1" />
				<line num="2"  count="6"  type="stmt" />
				<line num="3"  count="6"  type="stmt" />
				<line num="4"  count="6"  type="stmt" />
				<line num="5"  count="6"  type="stmt" />
			</file>
			<file name="User.js"  path="/Users/dmh/Coding/Projects/Kort-Reloaded/kort-reloaded/js/dto/User.js" >
				<metrics statements="17"  coveredstatements="17"  conditionals="2"  coveredconditionals="1"  methods="2"  coveredmethods="2" />
				<line num="1"  count="11"  type="cond"  truecount="1"  falsecount="1" />
				<line num="3"  count="11"  type="stmt" />
				<line num="4"  count="11"  type="stmt" />
				<line num="5"  count="11"  type="stmt" />
				<line num="6"  count="11"  type="stmt" />
				<line num="7"  count="11"  type="stmt" />
				<line num="8"  count="11"  type="stmt" />
				<line num="9"  count="11"  type="stmt" />
				<line num="10"  count="11"  type="stmt" />
				<line num="11"  count="11"  type="stmt" />
				<line num="12"  count="11"  type="stmt" />
				<line num="13"  count="11"  type="stmt" />
				<line num="14"  count="11"  type="stmt" />
				<line num="15"  count="11"  type="stmt" />
				<line num="16"  count="11"  type="stmt" />
				<line num="17"  count="11"  type="stmt" />
				<line num="18"  count="11"  type="stmt" />
			</file>
			<file name="UserCredential.js"  path="/Users/dmh/Coding/Projects/Kort-Reloaded/kort-reloaded/js/dto/UserCredential.js" >
				<metrics statements="4"  coveredstatements="2"  conditionals="2"  coveredconditionals="0"  methods="2"  coveredmethods="0" />
				<line num="1"  count="3"  type="cond"  truecount="0"  falsecount="2" />
				<line num="2"  count="0"  type="stmt" />
				<line num="3"  count="0"  type="stmt" />
				<line num="4"  count="3"  type="stmt" />
			</file>
			<file name="Validation.js"  path="/Users/dmh/Coding/Projects/Kort-Reloaded/kort-reloaded/js/dto/Validation.js" >
				<metrics statements="10"  coveredstatements="10"  conditionals="23"  coveredconditionals="13"  methods="6"  coveredmethods="6" />
				<line num="1"  count="9"  type="cond"  truecount="13"  falsecount="10" />
				<line num="3"  count="2"  type="stmt" />
				<line num="4"  count="2"  type="stmt" />
				<line num="6"  count="9"  type="stmt" />
				<line num="10"  count="9"  type="stmt" />
				<line num="11"  count="9"  type="stmt" />
				<line num="12"  count="9"  type="stmt" />
				<line num="13"  count="9"  type="stmt" />
				<line num="14"  count="9"  type="stmt" />
				<line num="15"  count="9"  type="stmt" />
			</file>
		</package>
		<package name="stores" >
			<metrics statements="272"  coveredstatements="175"  conditionals="409"  coveredconditionals="198"  methods="148"  coveredmethods="102" />
			<file name="AnswerStore.js"  path="/Users/dmh/Coding/Projects/Kort-Reloaded/kort-reloaded/js/stores/AnswerStore.js" >
				<metrics statements="35"  coveredstatements="28"  conditionals="53"  coveredconditionals="29"  methods="18"  coveredmethods="15" />
				<line num="1"  count="63"  type="cond"  truecount="8"  falsecount="10" />
				<line num="3"  count="9"  type="stmt" />
				<line num="4"  count="9"  type="stmt" />
				<line num="5"  count="9"  type="stmt" />
				<line num="6"  count="45"  type="cond"  truecount="14"  falsecount="9" />
				<line num="8"  count="9"  type="stmt" />
				<line num="9"  count="9"  type="stmt" />
				<line num="11"  count="9"  type="stmt" />
				<line num="12"  count="9"  type="stmt" />
				<line num="16"  count="4"  type="stmt" />
				<line num="17"  count="4"  type="stmt" />
				<line num="21"  count="3"  type="cond"  truecount="1"  falsecount="1" />
				<line num="22"  count="3"  type="stmt" />
				<line num="23"  count="3"  type="stmt" />
				<line num="27"  count="0"  type="stmt" />
				<line num="28"  count="0"  type="stmt" />
				<line num="32"  count="0"  type="stmt" />
				<line num="36"  count="4"  type="cond"  truecount="2"  falsecount="0" />
				<line num="38"  count="3"  type="stmt" />
				<line num="39"  count="3"  type="cond"  truecount="2"  falsecount="0" />
				<line num="41"  count="2"  type="stmt" />
				<line num="45"  count="5"  type="stmt" />
				<line num="49"  count="9"  type="stmt" />
				<line num="53"  count="9"  type="stmt" />
				<line num="55"  count="9"  type="stmt" />
				<line num="56"  count="7"  type="cond"  truecount="2"  falsecount="4" />
				<line num="58"  count="4"  type="stmt" />
				<line num="59"  count="4"  type="stmt" />
				<line num="61"  count="3"  type="stmt" />
				<line num="62"  count="3"  type="stmt" />
				<line num="65"  count="0"  type="stmt" />
				<line num="66"  count="0"  type="stmt" />
				<line num="68"  count="0"  type="stmt" />
				<line num="69"  count="0"  type="stmt" />
				<line num="71"  count="9"  type="stmt" />
			</file>
			<file name="AuthenticationStore.js"  path="/Users/dmh/Coding/Projects/Kort-Reloaded/kort-reloaded/js/stores/AuthenticationStore.js" >
				<metrics statements="56"  coveredstatements="21"  conditionals="70"  coveredconditionals="19"  methods="27"  coveredmethods="11" />
				<line num="1"  count="39"  type="cond"  truecount="5"  falsecount="13" />
				<line num="2"  count="3"  type="stmt" />
				<line num="4"  count="3"  type="stmt" />
				<line num="5"  count="3"  type="stmt" />
				<line num="7"  count="3"  type="stmt" />
				<line num="9"  count="3"  type="stmt" />
				<line num="10"  count="3"  type="stmt" />
				<line num="12"  count="21"  type="cond"  truecount="14"  falsecount="9" />
				<line num="14"  count="3"  type="stmt" />
				<line num="15"  count="3"  type="stmt" />
				<line num="17"  count="3"  type="stmt" />
				<line num="18"  count="3"  type="stmt" />
				<line num="20"  count="3"  type="stmt" />
				<line num="21"  count="3"  type="stmt" />
				<line num="22"  count="3"  type="stmt" />
				<line num="30"  count="0"  type="cond"  truecount="0"  falsecount="10" />
				<line num="31"  count="0"  type="stmt" />
				<line num="33"  count="0"  type="stmt" />
				<line num="36"  count="0"  type="stmt" />
				<line num="40"  count="0"  type="cond"  truecount="0"  falsecount="6" />
				<line num="42"  count="0"  type="stmt" />
				<line num="43"  count="0"  type="stmt" />
				<line num="45"  count="0"  type="cond"  truecount="0"  falsecount="6" />
				<line num="51"  count="0"  type="stmt" />
				<line num="52"  count="0"  type="stmt" />
				<line num="54"  count="0"  type="stmt" />
				<line num="59"  count="0"  type="stmt" />
				<line num="60"  count="0"  type="stmt" />
				<line num="61"  count="0"  type="stmt" />
				<line num="65"  count="0"  type="stmt" />
				<line num="66"  count="0"  type="stmt" />
				<line num="67"  count="0"  type="stmt" />
				<line num="68"  count="0"  type="stmt" />
				<line num="72"  count="0"  type="stmt" />
				<line num="76"  count="0"  type="stmt" />
				<line num="80"  count="1"  type="stmt" />
				<line num="84"  count="0"  type="stmt" />
				<line num="88"  count="0"  type="stmt" />
				<line num="92"  count="1"  type="stmt" />
				<line num="96"  count="0"  type="stmt" />
				<line num="100"  count="3"  type="stmt" />
				<line num="104"  count="3"  type="stmt" />
				<line num="106"  count="3"  type="stmt" />
				<line num="107"  count="0"  type="cond"  truecount="0"  falsecount="7" />
				<line num="109"  count="0"  type="stmt" />
				<line num="110"  count="0"  type="stmt" />
				<line num="112"  count="0"  type="stmt" />
				<line num="113"  count="0"  type="stmt" />
				<line num="115"  count="0"  type="stmt" />
				<line num="116"  count="0"  type="stmt" />
				<line num="117"  count="0"  type="stmt" />
				<line num="120"  count="0"  type="stmt" />
				<line num="121"  count="0"  type="stmt" />
				<line num="123"  count="0"  type="stmt" />
				<line num="124"  count="0"  type="stmt" />
				<line num="126"  count="3"  type="stmt" />
			</file>
			<file name="HighscoreStore.js"  path="/Users/dmh/Coding/Projects/Kort-Reloaded/kort-reloaded/js/stores/HighscoreStore.js" >
				<metrics statements="26"  coveredstatements="19"  conditionals="45"  coveredconditionals="23"  methods="16"  coveredmethods="13" />
				<line num="1"  count="15"  type="cond"  truecount="8"  falsecount="10" />
				<line num="3"  count="3"  type="stmt" />
				<line num="4"  count="3"  type="stmt" />
				<line num="5"  count="3"  type="stmt" />
				<line num="6"  count="15"  type="cond"  truecount="14"  falsecount="9" />
				<line num="8"  count="3"  type="stmt" />
				<line num="9"  count="3"  type="stmt" />
				<line num="11"  count="3"  type="stmt" />
				<line num="12"  count="3"  type="stmt" />
				<line num="16"  count="1"  type="stmt" />
				<line num="17"  count="1"  type="stmt" />
				<line num="21"  count="0"  type="stmt" />
				<line num="22"  count="0"  type="stmt" />
				<line num="26"  count="0"  type="stmt" />
				<line num="30"  count="2"  type="stmt" />
				<line num="34"  count="3"  type="stmt" />
				<line num="38"  count="3"  type="stmt" />
				<line num="40"  count="3"  type="stmt" />
				<line num="41"  count="1"  type="cond"  truecount="1"  falsecount="3" />
				<line num="43"  count="1"  type="stmt" />
				<line num="44"  count="1"  type="stmt" />
				<line num="46"  count="0"  type="stmt" />
				<line num="47"  count="0"  type="stmt" />
				<line num="49"  count="0"  type="stmt" />
				<line num="50"  count="0"  type="stmt" />
				<line num="52"  count="3"  type="stmt" />
			</file>
			<file name="LocationStore.js"  path="/Users/dmh/Coding/Projects/Kort-Reloaded/kort-reloaded/js/stores/LocationStore.js" >
				<metrics statements="42"  coveredstatements="22"  conditionals="49"  coveredconditionals="21"  methods="23"  coveredmethods="12" />
				<line num="1"  count="40"  type="cond"  truecount="5"  falsecount="13" />
				<line num="3"  count="4"  type="stmt" />
				<line num="4"  count="4"  type="stmt" />
				<line num="5"  count="4"  type="stmt" />
				<line num="6"  count="4"  type="stmt" />
				<line num="7"  count="24"  type="cond"  truecount="14"  falsecount="9" />
				<line num="9"  count="4"  type="stmt" />
				<line num="11"  count="4"  type="stmt" />
				<line num="12"  count="4"  type="stmt" />
				<line num="14"  count="4"  type="stmt" />
				<line num="15"  count="4"  type="stmt" />
				<line num="16"  count="4"  type="stmt" />
				<line num="18"  count="4"  type="stmt" />
				<line num="22"  count="0"  type="stmt" />
				<line num="23"  count="0"  type="stmt" />
				<line num="26"  count="0"  type="stmt" />
				<line num="27"  count="0"  type="stmt" />
				<line num="28"  count="0"  type="stmt" />
				<line num="30"  count="0"  type="stmt" />
				<line num="32"  count="0"  type="stmt" />
				<line num="34"  count="0"  type="stmt" />
				<line num="40"  count="0"  type="stmt" />
				<line num="44"  count="0"  type="stmt" />
				<line num="45"  count="0"  type="stmt" />
				<line num="49"  count="0"  type="stmt" />
				<line num="53"  count="1"  type="stmt" />
				<line num="57"  count="1"  type="cond"  truecount="1"  falsecount="1" />
				<line num="58"  count="1"  type="stmt" />
				<line num="62"  count="1"  type="cond"  truecount="1"  falsecount="1" />
				<line num="63"  count="1"  type="stmt" />
				<line num="67"  count="0"  type="stmt" />
				<line num="71"  count="4"  type="stmt" />
				<line num="75"  count="4"  type="stmt" />
				<line num="77"  count="4"  type="stmt" />
				<line num="78"  count="0"  type="cond"  truecount="0"  falsecount="4" />
				<line num="80"  count="0"  type="stmt" />
				<line num="81"  count="0"  type="stmt" />
				<line num="83"  count="0"  type="stmt" />
				<line num="84"  count="0"  type="stmt" />
				<line num="86"  count="0"  type="stmt" />
				<line num="87"  count="0"  type="stmt" />
				<line num="89"  count="4"  type="stmt" />
			</file>
			<file name="Store.js"  path="/Users/dmh/Coding/Projects/Kort-Reloaded/kort-reloaded/js/stores/Store.js" >
				<metrics statements="8"  coveredstatements="7"  conditionals="31"  coveredconditionals="18"  methods="12"  coveredmethods="10" />
				<line num="1"  count="48"  type="cond"  truecount="5"  falsecount="3" />
				<line num="3"  count="16"  type="cond"  truecount="13"  falsecount="10" />
				<line num="5"  count="16"  type="stmt" />
				<line num="7"  count="16"  type="stmt" />
				<line num="9"  count="8"  type="stmt" />
				<line num="13"  count="0"  type="stmt" />
				<line num="17"  count="16"  type="stmt" />
				<line num="21"  count="16"  type="stmt" />
			</file>
			<file name="TaskRewardStore.js"  path="/Users/dmh/Coding/Projects/Kort-Reloaded/kort-reloaded/js/stores/TaskRewardStore.js" >
				<metrics statements="26"  coveredstatements="19"  conditionals="48"  coveredconditionals="24"  methods="16"  coveredmethods="13" />
				<line num="1"  count="25"  type="cond"  truecount="8"  falsecount="10" />
				<line num="3"  count="5"  type="stmt" />
				<line num="4"  count="5"  type="stmt" />
				<line num="5"  count="5"  type="stmt" />
				<line num="6"  count="25"  type="cond"  truecount="14"  falsecount="9" />
				<line num="8"  count="5"  type="stmt" />
				<line num="9"  count="5"  type="stmt" />
				<line num="11"  count="5"  type="stmt" />
				<line num="12"  count="5"  type="stmt" />
				<line num="16"  count="4"  type="stmt" />
				<line num="17"  count="4"  type="stmt" />
				<line num="21"  count="0"  type="stmt" />
				<line num="23"  count="0"  type="stmt" />
				<line num="27"  count="0"  type="stmt" />
				<line num="31"  count="4"  type="stmt" />
				<line num="35"  count="5"  type="stmt" />
				<line num="39"  count="5"  type="stmt" />
				<line num="41"  count="5"  type="stmt" />
				<line num="42"  count="4"  type="cond"  truecount="2"  falsecount="5" />
				<line num="45"  count="4"  type="stmt" />
				<line num="46"  count="4"  type="stmt" />
				<line num="49"  count="0"  type="stmt" />
				<line num="50"  count="0"  type="stmt" />
				<line num="53"  count="0"  type="stmt" />
				<line num="54"  count="0"  type="stmt" />
				<line num="56"  count="5"  type="stmt" />
			</file>
			<file name="TaskStore.js"  path="/Users/dmh/Coding/Projects/Kort-Reloaded/kort-reloaded/js/stores/TaskStore.js" >
				<metrics statements="31"  coveredstatements="24"  conditionals="56"  coveredconditionals="31"  methods="17"  coveredmethods="14" />
				<line num="1"  count="60"  type="cond"  truecount="8"  falsecount="10" />
				<line num="3"  count="10"  type="stmt" />
				<line num="4"  count="10"  type="stmt" />
				<line num="5"  count="10"  type="stmt" />
				<line num="6"  count="50"  type="cond"  truecount="15"  falsecount="8" />
				<line num="8"  count="10"  type="stmt" />
				<line num="9"  count="10"  type="stmt" />
				<line num="11"  count="10"  type="stmt" />
				<line num="12"  count="10"  type="stmt" />
				<line num="16"  count="8"  type="stmt" />
				<line num="17"  count="8"  type="stmt" />
				<line num="21"  count="0"  type="stmt" />
				<line num="22"  count="0"  type="stmt" />
				<line num="26"  count="0"  type="stmt" />
				<line num="30"  count="8"  type="stmt" />
				<line num="34"  count="3"  type="cond"  truecount="2"  falsecount="0" />
				<line num="36"  count="3"  type="cond"  truecount="3"  falsecount="3" />
				<line num="37"  count="2"  type="cond"  truecount="2"  falsecount="0" />
				<line num="38"  count="1"  type="stmt" />
				<line num="42"  count="1"  type="stmt" />
				<line num="46"  count="10"  type="stmt" />
				<line num="50"  count="10"  type="stmt" />
				<line num="52"  count="10"  type="stmt" />
				<line num="53"  count="8"  type="cond"  truecount="1"  falsecount="4" />
				<line num="55"  count="8"  type="stmt" />
				<line num="56"  count="8"  type="stmt" />
				<line num="59"  count="0"  type="stmt" />
				<line num="60"  count="0"  type="stmt" />
				<line num="62"  count="0"  type="stmt" />
				<line num="63"  count="0"  type="stmt" />
				<line num="65"  count="10"  type="stmt" />
			</file>
			<file name="UserStore.js"  path="/Users/dmh/Coding/Projects/Kort-Reloaded/kort-reloaded/js/stores/UserStore.js" >
				<metrics statements="48"  coveredstatements="35"  conditionals="57"  coveredconditionals="33"  methods="19"  coveredmethods="14" />
				<line num="1"  count="56"  type="cond"  truecount="8"  falsecount="10" />
				<line num="3"  count="7"  type="stmt" />
				<line num="4"  count="7"  type="stmt" />
				<line num="5"  count="7"  type="stmt" />
				<line num="6"  count="7"  type="stmt" />
				<line num="8"  count="42"  type="cond"  truecount="14"  falsecount="9" />
				<line num="10"  count="7"  type="stmt" />
				<line num="11"  count="7"  type="stmt" />
				<line num="13"  count="7"  type="stmt" />
				<line num="14"  count="7"  type="stmt" />
				<line num="18"  count="6"  type="cond"  truecount="2"  falsecount="0" />
				<line num="19"  count="6"  type="stmt" />
				<line num="20"  count="6"  type="stmt" />
				<line num="24"  count="2"  type="cond"  truecount="2"  falsecount="0" />
				<line num="26"  count="1"  type="stmt" />
				<line num="27"  count="1"  type="cond"  truecount="1"  falsecount="1" />
				<line num="29"  count="1"  type="stmt" />
				<line num="30"  count="1"  type="stmt" />
				<line num="31"  count="1"  type="stmt" />
				<line num="32"  count="1"  type="stmt" />
				<line num="33"  count="1"  type="stmt" />
				<line num="35"  count="1"  type="stmt" />
				<line num="39"  count="0"  type="stmt" />
				<line num="40"  count="0"  type="stmt" />
				<line num="44"  count="0"  type="stmt" />
				<line num="46"  count="0"  type="stmt" />
				<line num="50"  count="0"  type="stmt" />
				<line num="54"  count="6"  type="cond"  truecount="2"  falsecount="0" />
				<line num="56"  count="4"  type="stmt" />
				<line num="57"  count="4"  type="cond"  truecount="2"  falsecount="0" />
				<line num="59"  count="3"  type="stmt" />
				<line num="63"  count="0"  type="stmt" />
				<line num="64"  count="0"  type="stmt" />
				<line num="68"  count="7"  type="stmt" />
				<line num="72"  count="7"  type="stmt" />
				<line num="74"  count="7"  type="stmt" />
				<line num="75"  count="7"  type="cond"  truecount="2"  falsecount="4" />
				<line num="77"  count="5"  type="stmt" />
				<line num="78"  count="5"  type="stmt" />
				<line num="80"  count="2"  type="stmt" />
				<line num="81"  count="2"  type="stmt" />
				<line num="83"  count="0"  type="stmt" />
				<line num="84"  count="0"  type="stmt" />
				<line num="86"  count="0"  type="stmt" />
				<line num="87"  count="0"  type="stmt" />
				<line num="89"  count="0"  type="stmt" />
				<line num="90"  count="0"  type="stmt" />
				<line num="92"  count="7"  type="stmt" />
			</file>
		</package>
	</project>
</coverage>
