{
"/Users/dmh/Coding/Projects/Kort-Reloaded/kort-reloaded/js/dto/Mission.js":{"path":"/Users/dmh/Coding/Projects/Kort-Reloaded/kort-reloaded/js/dto/Mission.js","s":{"1":2,"2":2,"3":2,"4":2,"5":2,"6":2,"7":10,"8":0,"9":2,"10":10,"11":0,"12":10,"13":2,"14":2,"15":0,"16":2,"17":2,"18":2,"19":2,"20":2,"21":2,"22":10,"23":10,"24":10,"25":10,"26":10,"27":2,"28":2},"b":{"1":[2,0],"2":[2,2],"3":[0,10],"4":[0,10],"5":[0,10],"6":[10,0,0],"7":[0,2],"8":[2,0],"9":[2,2],"10":[2,0],"11":[2,0]},"f":{"1":2,"2":10,"3":10,"4":2,"5":2,"6":10},"fnMap":{"1":{"name":"_interopRequireDefault","line":1,"loc":{"start":{"line":1,"column":141},"end":{"line":1,"column":177}}},"2":{"name":"_classCallCheck","line":1,"loc":{"start":{"line":1,"column":224},"end":{"line":1,"column":270}}},"3":{"name":"_possibleConstructorReturn","line":1,"loc":{"start":{"line":1,"column":369},"end":{"line":1,"column":415}}},"4":{"name":"_inherits","line":1,"loc":{"start":{"line":1,"column":588},"end":{"line":1,"column":627}}},"5":{"name":"(anonymous_5)","line":3,"loc":{"start":{"line":3,"column":8},"end":{"line":3,"column":23}}},"6":{"name":"Mission","line":4,"loc":{"start":{"line":4,"column":0},"end":{"line":6,"column":5}}}},"statementMap":{"1":{"start":{"line":1,"column":13},"end":{"line":1,"column":70}},"2":{"start":{"line":1,"column":70},"end":{"line":1,"column":99}},"3":{"start":{"line":1,"column":99},"end":{"line":1,"column":141}},"4":{"start":{"line":1,"column":141},"end":{"line":1,"column":224}},"5":{"start":{"line":1,"column":178},"end":{"line":1,"column":223}},"6":{"start":{"line":1,"column":224},"end":{"line":1,"column":369}},"7":{"start":{"line":1,"column":271},"end":{"line":1,"column":368}},"8":{"start":{"line":1,"column":310},"end":{"line":1,"column":367}},"9":{"start":{"line":1,"column":369},"end":{"line":1,"column":588}},"10":{"start":{"line":1,"column":416},"end":{"line":1,"column":513}},"11":{"start":{"line":1,"column":426},"end":{"line":1,"column":512}},"12":{"start":{"line":1,"column":513},"end":{"line":1,"column":587}},"13":{"start":{"line":1,"column":588},"end":{"line":1,"column":1038}},"14":{"start":{"line":1,"column":628},"end":{"line":1,"column":781}},"15":{"start":{"line":1,"column":682},"end":{"line":1,"column":780}},"16":{"start":{"line":1,"column":781},"end":{"line":1,"column":928}},"17":{"start":{"line":1,"column":928},"end":{"line":1,"column":1037}},"18":{"start":{"line":1,"column":942},"end":{"line":1,"column":1037}},"19":{"start":{"line":1,"column":1038},"end":{"line":11,"column":67}},"20":{"start":{"line":3,"column":24},"end":{"line":3,"column":49}},"21":{"start":{"line":4,"column":0},"end":{"line":11,"column":34}},"22":{"start":{"line":6,"column":6},"end":{"line":6,"column":36}},"23":{"start":{"line":6,"column":36},"end":{"line":8,"column":62}},"24":{"start":{"line":10,"column":0},"end":{"line":10,"column":42}},"25":{"start":{"line":11,"column":0},"end":{"line":11,"column":20}},"26":{"start":{"line":11,"column":20},"end":{"line":11,"column":33}},"27":{"start":{"line":11,"column":34},"end":{"line":11,"column":49}},"28":{"start":{"line":11,"column":67},"end":{"line":11,"column":91}}},"branchMap":{"1":{"line":1,"type":"cond-expr","locations":[{"start":{"line":1,"column":205},"end":{"line":1,"column":208}},{"start":{"line":1,"column":209},"end":{"line":1,"column":222}}]},"2":{"line":1,"type":"binary-expr","locations":[{"start":{"line":1,"column":185},"end":{"line":1,"column":188}},{"start":{"line":1,"column":190},"end":{"line":1,"column":204}}]},"3":{"line":1,"type":"if","locations":[{"start":{"line":1,"column":271},"end":{"line":1,"column":271}},{"start":{"line":1,"column":271},"end":{"line":1,"column":271}}]},"4":{"line":1,"type":"if","locations":[{"start":{"line":1,"column":416},"end":{"line":1,"column":416}},{"start":{"line":1,"column":416},"end":{"line":1,"column":416}}]},"5":{"line":1,"type":"cond-expr","locations":[{"start":{"line":1,"column":577},"end":{"line":1,"column":581}},{"start":{"line":1,"column":582},"end":{"line":1,"column":586}}]},"6":{"line":1,"type":"binary-expr","locations":[{"start":{"line":1,"column":520},"end":{"line":1,"column":524}},{"start":{"line":1,"column":527},"end":{"line":1,"column":549}},{"start":{"line":1,"column":551},"end":{"line":1,"column":575}}]},"7":{"line":1,"type":"if","locations":[{"start":{"line":1,"column":628},"end":{"line":1,"column":628}},{"start":{"line":1,"column":628},"end":{"line":1,"column":628}}]},"8":{"line":1,"type":"binary-expr","locations":[{"start":{"line":1,"column":631},"end":{"line":1,"column":661}},{"start":{"line":1,"column":663},"end":{"line":1,"column":680}}]},"9":{"line":1,"type":"binary-expr","locations":[{"start":{"line":1,"column":814},"end":{"line":1,"column":824}},{"start":{"line":1,"column":826},"end":{"line":1,"column":846}}]},"10":{"line":1,"type":"if","locations":[{"start":{"line":1,"column":928},"end":{"line":1,"column":928}},{"start":{"line":1,"column":928},"end":{"line":1,"column":928}}]},"11":{"line":1,"type":"cond-expr","locations":[{"start":{"line":1,"column":964},"end":{"line":1,"column":1006}},{"start":{"line":1,"column":1007},"end":{"line":1,"column":1036}}]}},"l":{"1":10,"3":2,"4":2,"6":10,"10":10,"11":10}},
"/Users/dmh/Coding/Projects/Kort-Reloaded/kort-reloaded/js/dto/Task.js":{"path":"/Users/dmh/Coding/Projects/Kort-Reloaded/kort-reloaded/js/dto/Task.js","s":{"1":2,"2":2,"3":2,"4":2,"5":2,"6":2,"7":2,"8":2,"9":2,"10":2,"11":2,"12":2,"13":2,"14":2,"15":0,"16":2,"17":2,"18":28,"19":0,"20":2,"21":2,"22":28,"23":28,"24":28,"25":28,"26":28,"27":28,"28":28,"29":28,"30":28,"31":28,"32":28,"33":28,"34":28,"35":28,"36":28,"37":28,"38":28,"39":28,"40":28,"41":28,"42":28,"43":2,"44":28,"45":3,"46":3,"47":1,"48":1,"49":1,"50":1,"51":7,"52":7,"53":1,"54":1,"55":10,"56":10,"57":3,"58":3,"59":2,"60":2,"61":2},"b":{"1":[2,2],"2":[2,0],"3":[2,0],"4":[0,2],"5":[0,28],"6":[3,1,1,7,1,10,3,2]},"f":{"1":2,"2":2,"3":2,"4":28,"5":2,"6":28,"7":28},"fnMap":{"1":{"name":"(anonymous_1)","line":1,"loc":{"start":{"line":1,"column":87},"end":{"line":1,"column":97}}},"2":{"name":"defineProperties","line":1,"loc":{"start":{"line":1,"column":98},"end":{"line":1,"column":137}}},"3":{"name":"(anonymous_3)","line":1,"loc":{"start":{"line":1,"column":388},"end":{"line":1,"column":432}}},"4":{"name":"_classCallCheck","line":1,"loc":{"start":{"line":1,"column":580},"end":{"line":1,"column":626}}},"5":{"name":"(anonymous_5)","line":1,"loc":{"start":{"line":1,"column":734},"end":{"line":1,"column":744}}},"6":{"name":"Task","line":2,"loc":{"start":{"line":2,"column":0},"end":{"line":3,"column":60}}},"7":{"name":"_setAnnotationImage","line":24,"loc":{"start":{"line":24,"column":80},"end":{"line":27,"column":0}}}},"statementMap":{"1":{"start":{"line":1,"column":13},"end":{"line":1,"column":70}},"2":{"start":{"line":1,"column":70},"end":{"line":1,"column":580}},"3":{"start":{"line":1,"column":98},"end":{"line":1,"column":381}},"4":{"start":{"line":1,"column":138},"end":{"line":1,"column":380}},"5":{"start":{"line":1,"column":170},"end":{"line":1,"column":194}},"6":{"start":{"line":1,"column":194},"end":{"line":1,"column":245}},"7":{"start":{"line":1,"column":245},"end":{"line":1,"column":274}},"8":{"start":{"line":1,"column":274},"end":{"line":1,"column":323}},"9":{"start":{"line":1,"column":298},"end":{"line":1,"column":323}},"10":{"start":{"line":1,"column":323},"end":{"line":1,"column":379}},"11":{"start":{"line":1,"column":381},"end":{"line":1,"column":576}},"12":{"start":{"line":1,"column":433},"end":{"line":1,"column":498}},"13":{"start":{"line":1,"column":447},"end":{"line":1,"column":498}},"14":{"start":{"line":1,"column":498},"end":{"line":1,"column":555}},"15":{"start":{"line":1,"column":513},"end":{"line":1,"column":555}},"16":{"start":{"line":1,"column":555},"end":{"line":1,"column":574}},"17":{"start":{"line":1,"column":580},"end":{"line":1,"column":725}},"18":{"start":{"line":1,"column":627},"end":{"line":1,"column":724}},"19":{"start":{"line":1,"column":666},"end":{"line":1,"column":723}},"20":{"start":{"line":1,"column":725},"end":{"line":51,"column":63}},"21":{"start":{"line":2,"column":0},"end":{"line":24,"column":28}},"22":{"start":{"line":3,"column":61},"end":{"line":3,"column":88}},"23":{"start":{"line":4,"column":0},"end":{"line":4,"column":11}},"24":{"start":{"line":5,"column":0},"end":{"line":5,"column":15}},"25":{"start":{"line":6,"column":0},"end":{"line":6,"column":17}},"26":{"start":{"line":7,"column":0},"end":{"line":7,"column":23}},"27":{"start":{"line":8,"column":0},"end":{"line":8,"column":23}},"28":{"start":{"line":9,"column":0},"end":{"line":9,"column":23}},"29":{"start":{"line":10,"column":0},"end":{"line":10,"column":25}},"30":{"start":{"line":11,"column":0},"end":{"line":11,"column":31}},"31":{"start":{"line":12,"column":0},"end":{"line":12,"column":21}},"32":{"start":{"line":13,"column":0},"end":{"line":13,"column":37}},"33":{"start":{"line":14,"column":0},"end":{"line":14,"column":17}},"34":{"start":{"line":15,"column":0},"end":{"line":15,"column":21}},"35":{"start":{"line":16,"column":0},"end":{"line":16,"column":15}},"36":{"start":{"line":17,"column":0},"end":{"line":17,"column":15}},"37":{"start":{"line":18,"column":0},"end":{"line":18,"column":15}},"38":{"start":{"line":19,"column":0},"end":{"line":19,"column":15}},"39":{"start":{"line":20,"column":0},"end":{"line":20,"column":15}},"40":{"start":{"line":21,"column":0},"end":{"line":21,"column":15}},"41":{"start":{"line":23,"column":0},"end":{"line":23,"column":26}},"42":{"start":{"line":24,"column":0},"end":{"line":24,"column":27}},"43":{"start":{"line":24,"column":28},"end":{"line":51,"column":47}},"44":{"start":{"line":28,"column":0},"end":{"line":51,"column":42}},"45":{"start":{"line":30,"column":0},"end":{"line":30,"column":44}},"46":{"start":{"line":31,"column":0},"end":{"line":31,"column":6}},"47":{"start":{"line":33,"column":0},"end":{"line":33,"column":40}},"48":{"start":{"line":34,"column":0},"end":{"line":34,"column":6}},"49":{"start":{"line":36,"column":0},"end":{"line":36,"column":40}},"50":{"start":{"line":37,"column":0},"end":{"line":37,"column":6}},"51":{"start":{"line":39,"column":0},"end":{"line":39,"column":48}},"52":{"start":{"line":40,"column":0},"end":{"line":40,"column":6}},"53":{"start":{"line":42,"column":0},"end":{"line":42,"column":48}},"54":{"start":{"line":43,"column":0},"end":{"line":43,"column":6}},"55":{"start":{"line":45,"column":0},"end":{"line":45,"column":53}},"56":{"start":{"line":46,"column":0},"end":{"line":46,"column":6}},"57":{"start":{"line":48,"column":0},"end":{"line":48,"column":47}},"58":{"start":{"line":49,"column":0},"end":{"line":49,"column":6}},"59":{"start":{"line":51,"column":0},"end":{"line":51,"column":41}},"60":{"start":{"line":51,"column":47},"end":{"line":51,"column":59}},"61":{"start":{"line":51,"column":63},"end":{"line":51,"column":84}}},"branchMap":{"1":{"line":1,"type":"binary-expr","locations":[{"start":{"line":1,"column":216},"end":{"line":1,"column":237}},{"start":{"line":1,"column":239},"end":{"line":1,"column":244}}]},"2":{"line":1,"type":"if","locations":[{"start":{"line":1,"column":274},"end":{"line":1,"column":274}},{"start":{"line":1,"column":274},"end":{"line":1,"column":274}}]},"3":{"line":1,"type":"if","locations":[{"start":{"line":1,"column":433},"end":{"line":1,"column":433}},{"start":{"line":1,"column":433},"end":{"line":1,"column":433}}]},"4":{"line":1,"type":"if","locations":[{"start":{"line":1,"column":498},"end":{"line":1,"column":498}},{"start":{"line":1,"column":498},"end":{"line":1,"column":498}}]},"5":{"line":1,"type":"if","locations":[{"start":{"line":1,"column":627},"end":{"line":1,"column":627}},{"start":{"line":1,"column":627},"end":{"line":1,"column":627}}]},"6":{"line":28,"type":"switch","locations":[{"start":{"line":29,"column":0},"end":{"line":31,"column":6}},{"start":{"line":32,"column":0},"end":{"line":34,"column":6}},{"start":{"line":35,"column":0},"end":{"line":37,"column":6}},{"start":{"line":38,"column":0},"end":{"line":40,"column":6}},{"start":{"line":41,"column":0},"end":{"line":43,"column":6}},{"start":{"line":44,"column":0},"end":{"line":46,"column":6}},{"start":{"line":47,"column":0},"end":{"line":49,"column":6}},{"start":{"line":50,"column":0},"end":{"line":51,"column":41}}]}},"l":{"1":28,"2":2,"3":28,"4":28,"5":28,"6":28,"7":28,"8":28,"9":28,"10":28,"11":28,"12":28,"13":28,"14":28,"15":28,"16":28,"17":28,"18":28,"19":28,"20":28,"21":28,"23":28,"24":28,"28":28,"30":3,"31":3,"33":1,"34":1,"36":1,"37":1,"39":7,"40":7,"42":1,"43":1,"45":10,"46":10,"48":3,"49":3,"51":2}},
"/Users/dmh/Coding/Projects/Kort-Reloaded/kort-reloaded/js/dto/Validation.js":{"path":"/Users/dmh/Coding/Projects/Kort-Reloaded/kort-reloaded/js/dto/Validation.js","s":{"1":2,"2":2,"3":2,"4":2,"5":2,"6":2,"7":9,"8":0,"9":2,"10":9,"11":0,"12":9,"13":2,"14":2,"15":0,"16":2,"17":2,"18":2,"19":2,"20":2,"21":2,"22":9,"23":9,"24":9,"25":9,"26":9,"27":9,"28":9,"29":9,"30":9,"31":2,"32":2},"b":{"1":[2,0],"2":[2,2],"3":[0,9],"4":[0,9],"5":[0,9],"6":[9,0,0],"7":[0,2],"8":[2,0],"9":[2,2],"10":[2,0],"11":[2,0]},"f":{"1":2,"2":9,"3":9,"4":2,"5":2,"6":9},"fnMap":{"1":{"name":"_interopRequireDefault","line":1,"loc":{"start":{"line":1,"column":141},"end":{"line":1,"column":177}}},"2":{"name":"_classCallCheck","line":1,"loc":{"start":{"line":1,"column":224},"end":{"line":1,"column":270}}},"3":{"name":"_possibleConstructorReturn","line":1,"loc":{"start":{"line":1,"column":369},"end":{"line":1,"column":415}}},"4":{"name":"_inherits","line":1,"loc":{"start":{"line":1,"column":588},"end":{"line":1,"column":627}}},"5":{"name":"(anonymous_5)","line":3,"loc":{"start":{"line":3,"column":11},"end":{"line":3,"column":26}}},"6":{"name":"Validation","line":4,"loc":{"start":{"line":4,"column":0},"end":{"line":6,"column":44}}}},"statementMap":{"1":{"start":{"line":1,"column":13},"end":{"line":1,"column":70}},"2":{"start":{"line":1,"column":70},"end":{"line":1,"column":99}},"3":{"start":{"line":1,"column":99},"end":{"line":1,"column":141}},"4":{"start":{"line":1,"column":141},"end":{"line":1,"column":224}},"5":{"start":{"line":1,"column":178},"end":{"line":1,"column":223}},"6":{"start":{"line":1,"column":224},"end":{"line":1,"column":369}},"7":{"start":{"line":1,"column":271},"end":{"line":1,"column":368}},"8":{"start":{"line":1,"column":310},"end":{"line":1,"column":367}},"9":{"start":{"line":1,"column":369},"end":{"line":1,"column":588}},"10":{"start":{"line":1,"column":416},"end":{"line":1,"column":513}},"11":{"start":{"line":1,"column":426},"end":{"line":1,"column":512}},"12":{"start":{"line":1,"column":513},"end":{"line":1,"column":587}},"13":{"start":{"line":1,"column":588},"end":{"line":1,"column":1038}},"14":{"start":{"line":1,"column":628},"end":{"line":1,"column":781}},"15":{"start":{"line":1,"column":682},"end":{"line":1,"column":780}},"16":{"start":{"line":1,"column":781},"end":{"line":1,"column":928}},"17":{"start":{"line":1,"column":928},"end":{"line":1,"column":1037}},"18":{"start":{"line":1,"column":942},"end":{"line":1,"column":1037}},"19":{"start":{"line":1,"column":1038},"end":{"line":15,"column":84}},"20":{"start":{"line":3,"column":27},"end":{"line":3,"column":55}},"21":{"start":{"line":4,"column":0},"end":{"line":15,"column":48}},"22":{"start":{"line":6,"column":45},"end":{"line":6,"column":78}},"23":{"start":{"line":6,"column":78},"end":{"line":8,"column":62}},"24":{"start":{"line":10,"column":0},"end":{"line":10,"column":26}},"25":{"start":{"line":11,"column":0},"end":{"line":11,"column":28}},"26":{"start":{"line":12,"column":0},"end":{"line":12,"column":28}},"27":{"start":{"line":13,"column":0},"end":{"line":13,"column":26}},"28":{"start":{"line":14,"column":0},"end":{"line":14,"column":30}},"29":{"start":{"line":15,"column":0},"end":{"line":15,"column":34}},"30":{"start":{"line":15,"column":34},"end":{"line":15,"column":47}},"31":{"start":{"line":15,"column":48},"end":{"line":15,"column":66}},"32":{"start":{"line":15,"column":84},"end":{"line":15,"column":111}}},"branchMap":{"1":{"line":1,"type":"cond-expr","locations":[{"start":{"line":1,"column":205},"end":{"line":1,"column":208}},{"start":{"line":1,"column":209},"end":{"line":1,"column":222}}]},"2":{"line":1,"type":"binary-expr","locations":[{"start":{"line":1,"column":185},"end":{"line":1,"column":188}},{"start":{"line":1,"column":190},"end":{"line":1,"column":204}}]},"3":{"line":1,"type":"if","locations":[{"start":{"line":1,"column":271},"end":{"line":1,"column":271}},{"start":{"line":1,"column":271},"end":{"line":1,"column":271}}]},"4":{"line":1,"type":"if","locations":[{"start":{"line":1,"column":416},"end":{"line":1,"column":416}},{"start":{"line":1,"column":416},"end":{"line":1,"column":416}}]},"5":{"line":1,"type":"cond-expr","locations":[{"start":{"line":1,"column":577},"end":{"line":1,"column":581}},{"start":{"line":1,"column":582},"end":{"line":1,"column":586}}]},"6":{"line":1,"type":"binary-expr","locations":[{"start":{"line":1,"column":520},"end":{"line":1,"column":524}},{"start":{"line":1,"column":527},"end":{"line":1,"column":549}},{"start":{"line":1,"column":551},"end":{"line":1,"column":575}}]},"7":{"line":1,"type":"if","locations":[{"start":{"line":1,"column":628},"end":{"line":1,"column":628}},{"start":{"line":1,"column":628},"end":{"line":1,"column":628}}]},"8":{"line":1,"type":"binary-expr","locations":[{"start":{"line":1,"column":631},"end":{"line":1,"column":661}},{"start":{"line":1,"column":663},"end":{"line":1,"column":680}}]},"9":{"line":1,"type":"binary-expr","locations":[{"start":{"line":1,"column":814},"end":{"line":1,"column":824}},{"start":{"line":1,"column":826},"end":{"line":1,"column":846}}]},"10":{"line":1,"type":"if","locations":[{"start":{"line":1,"column":928},"end":{"line":1,"column":928}},{"start":{"line":1,"column":928},"end":{"line":1,"column":928}}]},"11":{"line":1,"type":"cond-expr","locations":[{"start":{"line":1,"column":964},"end":{"line":1,"column":1006}},{"start":{"line":1,"column":1007},"end":{"line":1,"column":1036}}]}},"l":{"1":9,"3":2,"4":2,"6":9,"10":9,"11":9,"12":9,"13":9,"14":9,"15":9}},
"/Users/dmh/Coding/Projects/Kort-Reloaded/kort-reloaded/js/constants/ActionTypes.js":{"path":"/Users/dmh/Coding/Projects/Kort-Reloaded/kort-reloaded/js/constants/ActionTypes.js","s":{"1":7,"2":7,"3":7,"4":7,"5":7},"b":{"1":[0,7],"2":[7,7]},"f":{"1":7},"fnMap":{"1":{"name":"_interopRequireDefault","line":1,"loc":{"start":{"line":1,"column":100},"end":{"line":1,"column":136}}}},"statementMap":{"1":{"start":{"line":1,"column":13},"end":{"line":1,"column":49}},"2":{"start":{"line":1,"column":49},"end":{"line":1,"column":100}},"3":{"start":{"line":1,"column":100},"end":{"line":1,"column":183}},"4":{"start":{"line":1,"column":137},"end":{"line":1,"column":182}},"5":{"start":{"line":3,"column":0},"end":{"line":52,"column":24}}},"branchMap":{"1":{"line":1,"type":"cond-expr","locations":[{"start":{"line":1,"column":164},"end":{"line":1,"column":167}},{"start":{"line":1,"column":168},"end":{"line":1,"column":181}}]},"2":{"line":1,"type":"binary-expr","locations":[{"start":{"line":1,"column":144},"end":{"line":1,"column":147}},{"start":{"line":1,"column":149},"end":{"line":1,"column":163}}]}},"l":{"1":7,"3":7}},
"/Users/dmh/Coding/Projects/Kort-Reloaded/kort-reloaded/js/dto/HighscoreEntry.js":{"path":"/Users/dmh/Coding/Projects/Kort-Reloaded/kort-reloaded/js/dto/HighscoreEntry.js","s":{"1":1,"2":1,"3":0,"4":0,"5":1,"6":0,"7":0,"8":0,"9":0,"10":0,"11":0,"12":0,"13":0,"14":0,"15":0,"16":0,"17":1},"b":{"1":[0,0]},"f":{"1":0,"2":0},"fnMap":{"1":{"name":"_classCallCheck","line":1,"loc":{"start":{"line":1,"column":70},"end":{"line":1,"column":116}}},"2":{"name":"HighscoreEntry","line":2,"loc":{"start":{"line":2,"column":0},"end":{"line":3,"column":21}}}},"statementMap":{"1":{"start":{"line":1,"column":13},"end":{"line":1,"column":70}},"2":{"start":{"line":1,"column":70},"end":{"line":1,"column":215}},"3":{"start":{"line":1,"column":117},"end":{"line":1,"column":214}},"4":{"start":{"line":1,"column":156},"end":{"line":1,"column":213}},"5":{"start":{"line":1,"column":215},"end":{"line":13,"column":29}},"6":{"start":{"line":3,"column":22},"end":{"line":3,"column":59}},"7":{"start":{"line":4,"column":0},"end":{"line":4,"column":19}},"8":{"start":{"line":5,"column":0},"end":{"line":5,"column":23}},"9":{"start":{"line":6,"column":0},"end":{"line":6,"column":19}},"10":{"start":{"line":7,"column":0},"end":{"line":7,"column":25}},"11":{"start":{"line":8,"column":0},"end":{"line":8,"column":31}},"12":{"start":{"line":9,"column":0},"end":{"line":9,"column":37}},"13":{"start":{"line":10,"column":0},"end":{"line":10,"column":69}},"14":{"start":{"line":11,"column":0},"end":{"line":11,"column":21}},"15":{"start":{"line":12,"column":0},"end":{"line":12,"column":25}},"16":{"start":{"line":13,"column":0},"end":{"line":13,"column":27}},"17":{"start":{"line":13,"column":29},"end":{"line":13,"column":60}}},"branchMap":{"1":{"line":1,"type":"if","locations":[{"start":{"line":1,"column":117},"end":{"line":1,"column":117}},{"start":{"line":1,"column":117},"end":{"line":1,"column":117}}]}},"l":{"1":1,"3":0,"4":0,"5":0,"6":0,"7":0,"8":0,"9":0,"10":0,"11":0,"12":0,"13":1}},
"/Users/dmh/Coding/Projects/Kort-Reloaded/kort-reloaded/js/dispatcher/AppDispatcher.js":{"path":"/Users/dmh/Coding/Projects/Kort-Reloaded/kort-reloaded/js/dispatcher/AppDispatcher.js","s":{"1":9,"2":9,"3":9},"b":{},"f":{},"fnMap":{},"statementMap":{"1":{"start":{"line":1,"column":13},"end":{"line":1,"column":70}},"2":{"start":{"line":1,"column":70},"end":{"line":1,"column":96}},"3":{"start":{"line":1,"column":96},"end":{"line":3,"column":23}}},"branchMap":{},"l":{"1":9}},
"/Users/dmh/Coding/Projects/Kort-Reloaded/kort-reloaded/js/stores/HighscoreStore.js":{"path":"/Users/dmh/Coding/Projects/Kort-Reloaded/kort-reloaded/js/stores/HighscoreStore.js","s":{"1":3,"2":3,"3":1,"4":3,"5":15,"6":15,"7":15,"8":15,"9":15,"10":15,"11":3,"12":3,"13":3,"14":3,"15":0,"16":3,"17":3,"18":1,"19":0,"20":1,"21":1,"22":0,"23":0,"24":0,"25":0,"26":1,"27":1,"28":0,"29":0,"30":0,"31":0,"32":3,"33":3,"34":3,"35":3,"36":3,"37":3,"38":3,"39":3,"40":3,"41":3,"42":1,"43":15,"44":1,"45":3,"46":0,"47":1,"48":3,"49":0,"50":3,"51":1,"52":3,"53":0,"54":3,"55":3,"56":3,"57":3,"58":3,"59":1,"60":3,"61":3,"62":3,"63":3,"64":3,"65":3,"66":1,"67":1,"68":0,"69":0,"70":0,"71":2,"72":0,"73":3,"74":3,"75":3,"76":1,"77":1,"78":1,"79":0,"80":0,"81":0,"82":0,"83":0,"84":3},"b":{"1":[15,15],"2":[15,0],"3":[3,0],"4":[0,3],"5":[0,1],"6":[0,1],"7":[0,0],"8":[1,0],"9":[0,0],"10":[9,6],"11":[15,15],"12":[0,3],"13":[0,3],"14":[0,3],"15":[3,0,0],"16":[0,3],"17":[3,0],"18":[3,3],"19":[3,0],"20":[3,0],"21":[1,0,0,0]},"f":{"1":3,"2":3,"3":3,"4":1,"5":15,"6":3,"7":3,"8":3,"9":3,"10":3,"11":1,"12":0,"13":0,"14":2,"15":0,"16":1},"fnMap":{"1":{"name":"(anonymous_1)","line":1,"loc":{"start":{"line":1,"column":87},"end":{"line":1,"column":97}}},"2":{"name":"defineProperties","line":1,"loc":{"start":{"line":1,"column":98},"end":{"line":1,"column":137}}},"3":{"name":"(anonymous_3)","line":1,"loc":{"start":{"line":1,"column":388},"end":{"line":1,"column":432}}},"4":{"name":"get","line":1,"loc":{"start":{"line":1,"column":589},"end":{"line":1,"column":627}}},"5":{"name":"_interopRequireDefault","line":6,"loc":{"start":{"line":6,"column":75},"end":{"line":6,"column":111}}},"6":{"name":"_classCallCheck","line":6,"loc":{"start":{"line":6,"column":158},"end":{"line":6,"column":204}}},"7":{"name":"_possibleConstructorReturn","line":6,"loc":{"start":{"line":6,"column":303},"end":{"line":6,"column":349}}},"8":{"name":"_inherits","line":6,"loc":{"start":{"line":6,"column":522},"end":{"line":6,"column":561}}},"9":{"name":"(anonymous_9)","line":8,"loc":{"start":{"line":8,"column":15},"end":{"line":8,"column":31}}},"10":{"name":"HighscoreStore","line":9,"loc":{"start":{"line":9,"column":0},"end":{"line":9,"column":25}}},"11":{"name":"_setHighscore","line":12,"loc":{"start":{"line":12,"column":88},"end":{"line":15,"column":10}}},"12":{"name":"_raiseError","line":17,"loc":{"start":{"line":17,"column":111},"end":{"line":20,"column":0}}},"13":{"name":"_clearError","line":22,"loc":{"start":{"line":22,"column":111},"end":{"line":25,"column":0}}},"14":{"name":"getHighscore","line":26,"loc":{"start":{"line":26,"column":46},"end":{"line":29,"column":0}}},"15":{"name":"getError","line":30,"loc":{"start":{"line":30,"column":48},"end":{"line":33,"column":0}}},"16":{"name":"(anonymous_16)","line":40,"loc":{"start":{"line":40,"column":62},"end":{"line":40,"column":78}}}},"statementMap":{"1":{"start":{"line":1,"column":13},"end":{"line":1,"column":70}},"2":{"start":{"line":1,"column":70},"end":{"line":1,"column":580}},"3":{"start":{"line":1,"column":98},"end":{"line":1,"column":381}},"4":{"start":{"line":1,"column":138},"end":{"line":1,"column":380}},"5":{"start":{"line":1,"column":170},"end":{"line":1,"column":194}},"6":{"start":{"line":1,"column":194},"end":{"line":1,"column":245}},"7":{"start":{"line":1,"column":245},"end":{"line":1,"column":274}},"8":{"start":{"line":1,"column":274},"end":{"line":1,"column":323}},"9":{"start":{"line":1,"column":298},"end":{"line":1,"column":323}},"10":{"start":{"line":1,"column":323},"end":{"line":1,"column":379}},"11":{"start":{"line":1,"column":381},"end":{"line":1,"column":576}},"12":{"start":{"line":1,"column":433},"end":{"line":1,"column":498}},"13":{"start":{"line":1,"column":447},"end":{"line":1,"column":498}},"14":{"start":{"line":1,"column":498},"end":{"line":1,"column":555}},"15":{"start":{"line":1,"column":513},"end":{"line":1,"column":555}},"16":{"start":{"line":1,"column":555},"end":{"line":1,"column":574}},"17":{"start":{"line":1,"column":580},"end":{"line":1,"column":1012}},"18":{"start":{"line":1,"column":628},"end":{"line":1,"column":671}},"19":{"start":{"line":1,"column":645},"end":{"line":1,"column":671}},"20":{"start":{"line":1,"column":671},"end":{"line":1,"column":729}},"21":{"start":{"line":1,"column":729},"end":{"line":1,"column":1010}},"22":{"start":{"line":1,"column":750},"end":{"line":1,"column":791}},"23":{"start":{"line":1,"column":791},"end":{"line":1,"column":870}},"24":{"start":{"line":1,"column":809},"end":{"line":1,"column":826}},"25":{"start":{"line":1,"column":832},"end":{"line":1,"column":869}},"26":{"start":{"line":1,"column":876},"end":{"line":1,"column":1010}},"27":{"start":{"line":1,"column":895},"end":{"line":1,"column":913}},"28":{"start":{"line":1,"column":919},"end":{"line":1,"column":939}},"29":{"start":{"line":1,"column":939},"end":{"line":1,"column":980}},"30":{"start":{"line":1,"column":962},"end":{"line":1,"column":979}},"31":{"start":{"line":1,"column":980},"end":{"line":1,"column":1009}},"32":{"start":{"line":1,"column":1012},"end":{"line":1,"column":1062}},"33":{"start":{"line":1,"column":1062},"end":{"line":1,"column":1125}},"34":{"start":{"line":3,"column":0},"end":{"line":3,"column":53}},"35":{"start":{"line":3,"column":53},"end":{"line":3,"column":108}},"36":{"start":{"line":4,"column":0},"end":{"line":4,"column":58}},"37":{"start":{"line":4,"column":58},"end":{"line":4,"column":117}},"38":{"start":{"line":5,"column":0},"end":{"line":5,"column":35}},"39":{"start":{"line":5,"column":35},"end":{"line":5,"column":78}},"40":{"start":{"line":6,"column":0},"end":{"line":6,"column":31}},"41":{"start":{"line":6,"column":31},"end":{"line":6,"column":75}},"42":{"start":{"line":6,"column":75},"end":{"line":6,"column":158}},"43":{"start":{"line":6,"column":112},"end":{"line":6,"column":157}},"44":{"start":{"line":6,"column":158},"end":{"line":6,"column":303}},"45":{"start":{"line":6,"column":205},"end":{"line":6,"column":302}},"46":{"start":{"line":6,"column":244},"end":{"line":6,"column":301}},"47":{"start":{"line":6,"column":303},"end":{"line":6,"column":522}},"48":{"start":{"line":6,"column":350},"end":{"line":6,"column":447}},"49":{"start":{"line":6,"column":360},"end":{"line":6,"column":446}},"50":{"start":{"line":6,"column":447},"end":{"line":6,"column":521}},"51":{"start":{"line":6,"column":522},"end":{"line":6,"column":972}},"52":{"start":{"line":6,"column":562},"end":{"line":6,"column":715}},"53":{"start":{"line":6,"column":616},"end":{"line":6,"column":714}},"54":{"start":{"line":6,"column":715},"end":{"line":6,"column":862}},"55":{"start":{"line":6,"column":862},"end":{"line":6,"column":971}},"56":{"start":{"line":6,"column":876},"end":{"line":6,"column":971}},"57":{"start":{"line":6,"column":972},"end":{"line":34,"column":65}},"58":{"start":{"line":8,"column":32},"end":{"line":8,"column":65}},"59":{"start":{"line":9,"column":0},"end":{"line":12,"column":32}},"60":{"start":{"line":9,"column":26},"end":{"line":9,"column":63}},"61":{"start":{"line":9,"column":63},"end":{"line":9,"column":155}},"62":{"start":{"line":11,"column":0},"end":{"line":11,"column":22}},"63":{"start":{"line":12,"column":0},"end":{"line":12,"column":18}},"64":{"start":{"line":12,"column":18},"end":{"line":12,"column":31}},"65":{"start":{"line":12,"column":32},"end":{"line":34,"column":24}},"66":{"start":{"line":16,"column":0},"end":{"line":16,"column":26}},"67":{"start":{"line":17,"column":0},"end":{"line":17,"column":83}},"68":{"start":{"line":21,"column":0},"end":{"line":21,"column":137}},"69":{"start":{"line":22,"column":0},"end":{"line":22,"column":83}},"70":{"start":{"line":26,"column":0},"end":{"line":26,"column":17}},"71":{"start":{"line":30,"column":0},"end":{"line":30,"column":23}},"72":{"start":{"line":34,"column":0},"end":{"line":34,"column":19}},"73":{"start":{"line":34,"column":24},"end":{"line":34,"column":46}},"74":{"start":{"line":38,"column":0},"end":{"line":38,"column":40}},"75":{"start":{"line":40,"column":0},"end":{"line":52,"column":11}},"76":{"start":{"line":41,"column":0},"end":{"line":52,"column":8}},"77":{"start":{"line":43,"column":0},"end":{"line":43,"column":42}},"78":{"start":{"line":44,"column":0},"end":{"line":44,"column":6}},"79":{"start":{"line":46,"column":0},"end":{"line":46,"column":29}},"80":{"start":{"line":47,"column":0},"end":{"line":47,"column":6}},"81":{"start":{"line":49,"column":0},"end":{"line":49,"column":29}},"82":{"start":{"line":50,"column":0},"end":{"line":50,"column":6}},"83":{"start":{"line":52,"column":0},"end":{"line":52,"column":7}},"84":{"start":{"line":52,"column":11},"end":{"line":56,"column":15}}},"branchMap":{"1":{"line":1,"type":"binary-expr","locations":[{"start":{"line":1,"column":216},"end":{"line":1,"column":237}},{"start":{"line":1,"column":239},"end":{"line":1,"column":244}}]},"2":{"line":1,"type":"if","locations":[{"start":{"line":1,"column":274},"end":{"line":1,"column":274}},{"start":{"line":1,"column":274},"end":{"line":1,"column":274}}]},"3":{"line":1,"type":"if","locations":[{"start":{"line":1,"column":433},"end":{"line":1,"column":433}},{"start":{"line":1,"column":433},"end":{"line":1,"column":433}}]},"4":{"line":1,"type":"if","locations":[{"start":{"line":1,"column":498},"end":{"line":1,"column":498}},{"start":{"line":1,"column":498},"end":{"line":1,"column":498}}]},"5":{"line":1,"type":"if","locations":[{"start":{"line":1,"column":628},"end":{"line":1,"column":628}},{"start":{"line":1,"column":628},"end":{"line":1,"column":628}}]},"6":{"line":1,"type":"if","locations":[{"start":{"line":1,"column":729},"end":{"line":1,"column":729}},{"start":{"line":1,"column":729},"end":{"line":1,"column":729}}]},"7":{"line":1,"type":"if","locations":[{"start":{"line":1,"column":791},"end":{"line":1,"column":791}},{"start":{"line":1,"column":791},"end":{"line":1,"column":791}}]},"8":{"line":1,"type":"if","locations":[{"start":{"line":1,"column":876},"end":{"line":1,"column":876}},{"start":{"line":1,"column":876},"end":{"line":1,"column":876}}]},"9":{"line":1,"type":"if","locations":[{"start":{"line":1,"column":939},"end":{"line":1,"column":939}},{"start":{"line":1,"column":939},"end":{"line":1,"column":939}}]},"10":{"line":6,"type":"cond-expr","locations":[{"start":{"line":6,"column":139},"end":{"line":6,"column":142}},{"start":{"line":6,"column":143},"end":{"line":6,"column":156}}]},"11":{"line":6,"type":"binary-expr","locations":[{"start":{"line":6,"column":119},"end":{"line":6,"column":122}},{"start":{"line":6,"column":124},"end":{"line":6,"column":138}}]},"12":{"line":6,"type":"if","locations":[{"start":{"line":6,"column":205},"end":{"line":6,"column":205}},{"start":{"line":6,"column":205},"end":{"line":6,"column":205}}]},"13":{"line":6,"type":"if","locations":[{"start":{"line":6,"column":350},"end":{"line":6,"column":350}},{"start":{"line":6,"column":350},"end":{"line":6,"column":350}}]},"14":{"line":6,"type":"cond-expr","locations":[{"start":{"line":6,"column":511},"end":{"line":6,"column":515}},{"start":{"line":6,"column":516},"end":{"line":6,"column":520}}]},"15":{"line":6,"type":"binary-expr","locations":[{"start":{"line":6,"column":454},"end":{"line":6,"column":458}},{"start":{"line":6,"column":461},"end":{"line":6,"column":483}},{"start":{"line":6,"column":485},"end":{"line":6,"column":509}}]},"16":{"line":6,"type":"if","locations":[{"start":{"line":6,"column":562},"end":{"line":6,"column":562}},{"start":{"line":6,"column":562},"end":{"line":6,"column":562}}]},"17":{"line":6,"type":"binary-expr","locations":[{"start":{"line":6,"column":565},"end":{"line":6,"column":595}},{"start":{"line":6,"column":597},"end":{"line":6,"column":614}}]},"18":{"line":6,"type":"binary-expr","locations":[{"start":{"line":6,"column":748},"end":{"line":6,"column":758}},{"start":{"line":6,"column":760},"end":{"line":6,"column":780}}]},"19":{"line":6,"type":"if","locations":[{"start":{"line":6,"column":862},"end":{"line":6,"column":862}},{"start":{"line":6,"column":862},"end":{"line":6,"column":862}}]},"20":{"line":6,"type":"cond-expr","locations":[{"start":{"line":6,"column":898},"end":{"line":6,"column":940}},{"start":{"line":6,"column":941},"end":{"line":6,"column":970}}]},"21":{"line":41,"type":"switch","locations":[{"start":{"line":42,"column":0},"end":{"line":44,"column":6}},{"start":{"line":45,"column":0},"end":{"line":47,"column":6}},{"start":{"line":48,"column":0},"end":{"line":50,"column":6}},{"start":{"line":51,"column":0},"end":{"line":52,"column":7}}]}},"l":{"1":15,"3":3,"4":3,"5":3,"6":15,"8":3,"9":3,"11":3,"12":3,"16":1,"17":1,"21":0,"22":0,"26":0,"30":2,"34":3,"38":3,"40":3,"41":1,"43":1,"44":1,"46":0,"47":0,"49":0,"50":0,"52":3}},
"/Users/dmh/Coding/Projects/Kort-Reloaded/kort-reloaded/js/__mocks__/react-native-i18n.js":{"path":"/Users/dmh/Coding/Projects/Kort-Reloaded/kort-reloaded/js/__mocks__/react-native-i18n.js","s":{"1":41},"b":{},"f":{},"fnMap":{},"statementMap":{"1":{"start":{"line":1,"column":13},"end":{"line":2,"column":28}}},"branchMap":{},"l":{"1":41}},
"/Users/dmh/Coding/Projects/Kort-Reloaded/kort-reloaded/js/dto/Error.js":{"path":"/Users/dmh/Coding/Projects/Kort-Reloaded/kort-reloaded/js/dto/Error.js","s":{"1":7,"2":7,"3":0,"4":0,"5":7,"6":0,"7":0,"8":0,"9":7},"b":{"1":[0,0]},"f":{"1":0,"2":0},"fnMap":{"1":{"name":"_classCallCheck","line":1,"loc":{"start":{"line":1,"column":70},"end":{"line":1,"column":116}}},"2":{"name":"_class","line":2,"loc":{"start":{"line":2,"column":0},"end":{"line":2,"column":30}}}},"statementMap":{"1":{"start":{"line":1,"column":13},"end":{"line":1,"column":70}},"2":{"start":{"line":1,"column":70},"end":{"line":1,"column":215}},"3":{"start":{"line":1,"column":117},"end":{"line":1,"column":214}},"4":{"start":{"line":1,"column":156},"end":{"line":1,"column":213}},"5":{"start":{"line":1,"column":215},"end":{"line":4,"column":23}},"6":{"start":{"line":2,"column":31},"end":{"line":2,"column":60}},"7":{"start":{"line":3,"column":0},"end":{"line":3,"column":17}},"8":{"start":{"line":4,"column":0},"end":{"line":4,"column":21}},"9":{"start":{"line":4,"column":23},"end":{"line":4,"column":46}}},"branchMap":{"1":{"line":1,"type":"if","locations":[{"start":{"line":1,"column":117},"end":{"line":1,"column":117}},{"start":{"line":1,"column":117},"end":{"line":1,"column":117}}]}},"l":{"1":7,"2":0,"3":0,"4":7}},
"/Users/dmh/Coding/Projects/Kort-Reloaded/kort-reloaded/js/stores/Store.js":{"path":"/Users/dmh/Coding/Projects/Kort-Reloaded/kort-reloaded/js/stores/Store.js","s":{"1":16,"2":16,"3":7,"4":16,"5":48,"6":48,"7":48,"8":48,"9":48,"10":48,"11":16,"12":16,"13":16,"14":16,"15":0,"16":16,"17":16,"18":16,"19":16,"20":7,"21":16,"22":7,"23":10,"24":0,"25":7,"26":10,"27":0,"28":10,"29":7,"30":16,"31":0,"32":16,"33":16,"34":16,"35":16,"36":16,"37":16,"38":7,"39":10,"40":10,"41":16,"42":8,"43":0,"44":0,"45":16,"46":16,"47":16},"b":{"1":[48,48],"2":[48,0],"3":[16,0],"4":[0,16],"5":[16,0],"6":[16,16],"7":[0,10],"8":[0,10],"9":[0,10],"10":[10,0,0],"11":[0,16],"12":[16,0],"13":[16,16],"14":[16,0],"15":[16,0]},"f":{"1":16,"2":16,"3":16,"4":16,"5":10,"6":10,"7":16,"8":16,"9":10,"10":8,"11":0,"12":0},"fnMap":{"1":{"name":"(anonymous_1)","line":1,"loc":{"start":{"line":1,"column":87},"end":{"line":1,"column":97}}},"2":{"name":"defineProperties","line":1,"loc":{"start":{"line":1,"column":98},"end":{"line":1,"column":137}}},"3":{"name":"(anonymous_3)","line":1,"loc":{"start":{"line":1,"column":388},"end":{"line":1,"column":432}}},"4":{"name":"_interopRequireDefault","line":3,"loc":{"start":{"line":3,"column":88},"end":{"line":3,"column":124}}},"5":{"name":"_classCallCheck","line":3,"loc":{"start":{"line":3,"column":171},"end":{"line":3,"column":217}}},"6":{"name":"_possibleConstructorReturn","line":3,"loc":{"start":{"line":3,"column":316},"end":{"line":3,"column":362}}},"7":{"name":"_inherits","line":3,"loc":{"start":{"line":3,"column":535},"end":{"line":3,"column":574}}},"8":{"name":"(anonymous_8)","line":7,"loc":{"start":{"line":7,"column":6},"end":{"line":7,"column":29}}},"9":{"name":"Store","line":7,"loc":{"start":{"line":7,"column":61},"end":{"line":7,"column":77}}},"10":{"name":"emitChange","line":7,"loc":{"start":{"line":7,"column":242},"end":{"line":8,"column":0}}},"11":{"name":"addChangeListener","line":9,"loc":{"start":{"line":9,"column":57},"end":{"line":12,"column":9}}},"12":{"name":"removeChangeListener","line":13,"loc":{"start":{"line":13,"column":67},"end":{"line":16,"column":9}}}},"statementMap":{"1":{"start":{"line":1,"column":13},"end":{"line":1,"column":70}},"2":{"start":{"line":1,"column":70},"end":{"line":1,"column":580}},"3":{"start":{"line":1,"column":98},"end":{"line":1,"column":381}},"4":{"start":{"line":1,"column":138},"end":{"line":1,"column":380}},"5":{"start":{"line":1,"column":170},"end":{"line":1,"column":194}},"6":{"start":{"line":1,"column":194},"end":{"line":1,"column":245}},"7":{"start":{"line":1,"column":245},"end":{"line":1,"column":274}},"8":{"start":{"line":1,"column":274},"end":{"line":1,"column":323}},"9":{"start":{"line":1,"column":298},"end":{"line":1,"column":323}},"10":{"start":{"line":1,"column":323},"end":{"line":1,"column":379}},"11":{"start":{"line":1,"column":381},"end":{"line":1,"column":576}},"12":{"start":{"line":1,"column":433},"end":{"line":1,"column":498}},"13":{"start":{"line":1,"column":447},"end":{"line":1,"column":498}},"14":{"start":{"line":1,"column":498},"end":{"line":1,"column":555}},"15":{"start":{"line":1,"column":513},"end":{"line":1,"column":555}},"16":{"start":{"line":1,"column":555},"end":{"line":1,"column":574}},"17":{"start":{"line":1,"column":580},"end":{"line":1,"column":610}},"18":{"start":{"line":3,"column":0},"end":{"line":3,"column":43}},"19":{"start":{"line":3,"column":43},"end":{"line":3,"column":88}},"20":{"start":{"line":3,"column":88},"end":{"line":3,"column":171}},"21":{"start":{"line":3,"column":125},"end":{"line":3,"column":170}},"22":{"start":{"line":3,"column":171},"end":{"line":3,"column":316}},"23":{"start":{"line":3,"column":218},"end":{"line":3,"column":315}},"24":{"start":{"line":3,"column":257},"end":{"line":3,"column":314}},"25":{"start":{"line":3,"column":316},"end":{"line":3,"column":535}},"26":{"start":{"line":3,"column":363},"end":{"line":3,"column":460}},"27":{"start":{"line":3,"column":373},"end":{"line":3,"column":459}},"28":{"start":{"line":3,"column":460},"end":{"line":3,"column":534}},"29":{"start":{"line":3,"column":535},"end":{"line":3,"column":985}},"30":{"start":{"line":3,"column":575},"end":{"line":3,"column":728}},"31":{"start":{"line":3,"column":629},"end":{"line":3,"column":727}},"32":{"start":{"line":3,"column":728},"end":{"line":3,"column":875}},"33":{"start":{"line":3,"column":875},"end":{"line":3,"column":984}},"34":{"start":{"line":3,"column":889},"end":{"line":3,"column":984}},"35":{"start":{"line":5,"column":0},"end":{"line":5,"column":46}},"36":{"start":{"line":5,"column":46},"end":{"line":17,"column":84}},"37":{"start":{"line":7,"column":30},"end":{"line":7,"column":61}},"38":{"start":{"line":7,"column":61},"end":{"line":7,"column":198}},"39":{"start":{"line":7,"column":78},"end":{"line":7,"column":106}},"40":{"start":{"line":7,"column":106},"end":{"line":7,"column":197}},"41":{"start":{"line":7,"column":198},"end":{"line":17,"column":47}},"42":{"start":{"line":9,"column":0},"end":{"line":9,"column":23}},"43":{"start":{"line":13,"column":0},"end":{"line":13,"column":30}},"44":{"start":{"line":17,"column":0},"end":{"line":17,"column":42}},"45":{"start":{"line":17,"column":47},"end":{"line":17,"column":60}},"46":{"start":{"line":17,"column":84},"end":{"line":17,"column":106}},"47":{"start":{"line":21,"column":0},"end":{"line":21,"column":25}}},"branchMap":{"1":{"line":1,"type":"binary-expr","locations":[{"start":{"line":1,"column":216},"end":{"line":1,"column":237}},{"start":{"line":1,"column":239},"end":{"line":1,"column":244}}]},"2":{"line":1,"type":"if","locations":[{"start":{"line":1,"column":274},"end":{"line":1,"column":274}},{"start":{"line":1,"column":274},"end":{"line":1,"column":274}}]},"3":{"line":1,"type":"if","locations":[{"start":{"line":1,"column":433},"end":{"line":1,"column":433}},{"start":{"line":1,"column":433},"end":{"line":1,"column":433}}]},"4":{"line":1,"type":"if","locations":[{"start":{"line":1,"column":498},"end":{"line":1,"column":498}},{"start":{"line":1,"column":498},"end":{"line":1,"column":498}}]},"5":{"line":3,"type":"cond-expr","locations":[{"start":{"line":3,"column":152},"end":{"line":3,"column":155}},{"start":{"line":3,"column":156},"end":{"line":3,"column":169}}]},"6":{"line":3,"type":"binary-expr","locations":[{"start":{"line":3,"column":132},"end":{"line":3,"column":135}},{"start":{"line":3,"column":137},"end":{"line":3,"column":151}}]},"7":{"line":3,"type":"if","locations":[{"start":{"line":3,"column":218},"end":{"line":3,"column":218}},{"start":{"line":3,"column":218},"end":{"line":3,"column":218}}]},"8":{"line":3,"type":"if","locations":[{"start":{"line":3,"column":363},"end":{"line":3,"column":363}},{"start":{"line":3,"column":363},"end":{"line":3,"column":363}}]},"9":{"line":3,"type":"cond-expr","locations":[{"start":{"line":3,"column":524},"end":{"line":3,"column":528}},{"start":{"line":3,"column":529},"end":{"line":3,"column":533}}]},"10":{"line":3,"type":"binary-expr","locations":[{"start":{"line":3,"column":467},"end":{"line":3,"column":471}},{"start":{"line":3,"column":474},"end":{"line":3,"column":496}},{"start":{"line":3,"column":498},"end":{"line":3,"column":522}}]},"11":{"line":3,"type":"if","locations":[{"start":{"line":3,"column":575},"end":{"line":3,"column":575}},{"start":{"line":3,"column":575},"end":{"line":3,"column":575}}]},"12":{"line":3,"type":"binary-expr","locations":[{"start":{"line":3,"column":578},"end":{"line":3,"column":608}},{"start":{"line":3,"column":610},"end":{"line":3,"column":627}}]},"13":{"line":3,"type":"binary-expr","locations":[{"start":{"line":3,"column":761},"end":{"line":3,"column":771}},{"start":{"line":3,"column":773},"end":{"line":3,"column":793}}]},"14":{"line":3,"type":"if","locations":[{"start":{"line":3,"column":875},"end":{"line":3,"column":875}},{"start":{"line":3,"column":875},"end":{"line":3,"column":875}}]},"15":{"line":3,"type":"cond-expr","locations":[{"start":{"line":3,"column":911},"end":{"line":3,"column":953}},{"start":{"line":3,"column":954},"end":{"line":3,"column":983}}]}},"l":{"1":48,"3":16,"5":16,"7":16,"9":8,"13":0,"17":16,"21":16}},
"/Users/dmh/Coding/Projects/Kort-Reloaded/kort-reloaded/js/constants/Config.js":{"path":"/Users/dmh/Coding/Projects/Kort-Reloaded/kort-reloaded/js/constants/Config.js","s":{"1":7,"2":7,"3":7,"4":7,"5":7,"6":7},"b":{"1":[7,0],"2":[7,7]},"f":{"1":7},"fnMap":{"1":{"name":"_interopRequireDefault","line":3,"loc":{"start":{"line":3,"column":101},"end":{"line":3,"column":137}}}},"statementMap":{"1":{"start":{"line":1,"column":13},"end":{"line":1,"column":70}},"2":{"start":{"line":3,"column":0},"end":{"line":3,"column":44}},"3":{"start":{"line":3,"column":44},"end":{"line":3,"column":101}},"4":{"start":{"line":3,"column":101},"end":{"line":3,"column":184}},"5":{"start":{"line":3,"column":138},"end":{"line":3,"column":183}},"6":{"start":{"line":3,"column":184},"end":{"line":78,"column":13}}},"branchMap":{"1":{"line":3,"type":"cond-expr","locations":[{"start":{"line":3,"column":165},"end":{"line":3,"column":168}},{"start":{"line":3,"column":169},"end":{"line":3,"column":182}}]},"2":{"line":3,"type":"binary-expr","locations":[{"start":{"line":3,"column":145},"end":{"line":3,"column":148}},{"start":{"line":3,"column":150},"end":{"line":3,"column":164}}]}},"l":{"1":7,"3":7}},
"/Users/dmh/Coding/Projects/Kort-Reloaded/kort-reloaded/js/constants/SecretConfig.js":{"path":"/Users/dmh/Coding/Projects/Kort-Reloaded/kort-reloaded/js/constants/SecretConfig.js","s":{"1":7,"2":7},"b":{},"f":{},"fnMap":{},"statementMap":{"1":{"start":{"line":1,"column":13},"end":{"line":1,"column":70}},"2":{"start":{"line":1,"column":70},"end":{"line":10,"column":64}}},"branchMap":{},"l":{"1":7}},
"/Users/dmh/Coding/Projects/Kort-Reloaded/kort-reloaded/js/stores/LocationStore.js":{"path":"/Users/dmh/Coding/Projects/Kort-Reloaded/kort-reloaded/js/stores/LocationStore.js","s":{"1":4,"2":4,"3":1,"4":4,"5":40,"6":40,"7":40,"8":40,"9":40,"10":40,"11":4,"12":4,"13":4,"14":4,"15":0,"16":4,"17":4,"18":0,"19":0,"20":0,"21":0,"22":0,"23":0,"24":0,"25":0,"26":0,"27":0,"28":0,"29":0,"30":0,"31":0,"32":4,"33":4,"34":4,"35":4,"36":4,"37":4,"38":4,"39":4,"40":4,"41":4,"42":4,"43":4,"44":1,"45":24,"46":1,"47":4,"48":0,"49":1,"50":4,"51":0,"52":4,"53":1,"54":4,"55":0,"56":4,"57":4,"58":4,"59":4,"60":4,"61":4,"62":1,"63":4,"64":4,"65":4,"66":4,"67":4,"68":4,"69":4,"70":4,"71":0,"72":0,"73":0,"74":0,"75":0,"76":0,"77":0,"78":0,"79":0,"80":0,"81":0,"82":0,"83":1,"84":1,"85":1,"86":1,"87":1,"88":0,"89":0,"90":4,"91":4,"92":4,"93":0,"94":0,"95":0,"96":0,"97":0,"98":0,"99":0,"100":0,"101":4},"b":{"1":[40,40],"2":[40,0],"3":[4,0],"4":[0,4],"5":[0,0],"6":[0,0],"7":[0,0],"8":[0,0],"9":[0,0],"10":[16,8],"11":[24,24],"12":[0,4],"13":[0,4],"14":[0,4],"15":[4,0,0],"16":[0,4],"17":[4,0],"18":[4,4],"19":[4,0],"20":[4,0],"21":[1,0],"22":[1,0],"23":[0,0,0,0]},"f":{"1":4,"2":4,"3":4,"4":0,"5":24,"6":4,"7":4,"8":4,"9":4,"10":4,"11":0,"12":0,"13":0,"14":0,"15":0,"16":0,"17":0,"18":1,"19":1,"20":1,"21":0,"22":0,"23":0},"fnMap":{"1":{"name":"(anonymous_1)","line":1,"loc":{"start":{"line":1,"column":87},"end":{"line":1,"column":97}}},"2":{"name":"defineProperties","line":1,"loc":{"start":{"line":1,"column":98},"end":{"line":1,"column":137}}},"3":{"name":"(anonymous_3)","line":1,"loc":{"start":{"line":1,"column":388},"end":{"line":1,"column":432}}},"4":{"name":"get","line":1,"loc":{"start":{"line":1,"column":589},"end":{"line":1,"column":627}}},"5":{"name":"_interopRequireDefault","line":7,"loc":{"start":{"line":7,"column":75},"end":{"line":7,"column":111}}},"6":{"name":"_classCallCheck","line":7,"loc":{"start":{"line":7,"column":158},"end":{"line":7,"column":204}}},"7":{"name":"_possibleConstructorReturn","line":7,"loc":{"start":{"line":7,"column":303},"end":{"line":7,"column":349}}},"8":{"name":"_inherits","line":7,"loc":{"start":{"line":7,"column":522},"end":{"line":7,"column":561}}},"9":{"name":"(anonymous_9)","line":11,"loc":{"start":{"line":11,"column":14},"end":{"line":11,"column":30}}},"10":{"name":"LocationStore","line":12,"loc":{"start":{"line":12,"column":0},"end":{"line":12,"column":24}}},"11":{"name":"_onPositionChange","line":18,"loc":{"start":{"line":18,"column":133},"end":{"line":21,"column":9}}},"12":{"name":"_startWatchingLocation","line":23,"loc":{"start":{"line":23,"column":121},"end":{"line":26,"column":0}}},"13":{"name":"(anonymous_13)","line":30,"loc":{"start":{"line":30,"column":0},"end":{"line":30,"column":10}}},"14":{"name":"(anonymous_14)","line":34,"loc":{"start":{"line":34,"column":0},"end":{"line":34,"column":10}}},"15":{"name":"_stopWatchingLocation","line":35,"loc":{"start":{"line":35,"column":96},"end":{"line":39,"column":0}}},"16":{"name":"_raiseLocationError","line":40,"loc":{"start":{"line":40,"column":91},"end":{"line":43,"column":0}}},"17":{"name":"_clearError","line":45,"loc":{"start":{"line":45,"column":110},"end":{"line":48,"column":0}}},"18":{"name":"getPosition","line":49,"loc":{"start":{"line":49,"column":45},"end":{"line":52,"column":0}}},"19":{"name":"getLatitude","line":53,"loc":{"start":{"line":53,"column":50},"end":{"line":56,"column":0}}},"20":{"name":"getLongitude","line":58,"loc":{"start":{"line":58,"column":45},"end":{"line":61,"column":0}}},"21":{"name":"isWatching","line":63,"loc":{"start":{"line":63,"column":44},"end":{"line":66,"column":0}}},"22":{"name":"getError","line":67,"loc":{"start":{"line":67,"column":49},"end":{"line":70,"column":0}}},"23":{"name":"(anonymous_23)","line":77,"loc":{"start":{"line":77,"column":61},"end":{"line":77,"column":77}}}},"statementMap":{"1":{"start":{"line":1,"column":13},"end":{"line":1,"column":70}},"2":{"start":{"line":1,"column":70},"end":{"line":1,"column":580}},"3":{"start":{"line":1,"column":98},"end":{"line":1,"column":381}},"4":{"start":{"line":1,"column":138},"end":{"line":1,"column":380}},"5":{"start":{"line":1,"column":170},"end":{"line":1,"column":194}},"6":{"start":{"line":1,"column":194},"end":{"line":1,"column":245}},"7":{"start":{"line":1,"column":245},"end":{"line":1,"column":274}},"8":{"start":{"line":1,"column":274},"end":{"line":1,"column":323}},"9":{"start":{"line":1,"column":298},"end":{"line":1,"column":323}},"10":{"start":{"line":1,"column":323},"end":{"line":1,"column":379}},"11":{"start":{"line":1,"column":381},"end":{"line":1,"column":576}},"12":{"start":{"line":1,"column":433},"end":{"line":1,"column":498}},"13":{"start":{"line":1,"column":447},"end":{"line":1,"column":498}},"14":{"start":{"line":1,"column":498},"end":{"line":1,"column":555}},"15":{"start":{"line":1,"column":513},"end":{"line":1,"column":555}},"16":{"start":{"line":1,"column":555},"end":{"line":1,"column":574}},"17":{"start":{"line":1,"column":580},"end":{"line":1,"column":1012}},"18":{"start":{"line":1,"column":628},"end":{"line":1,"column":671}},"19":{"start":{"line":1,"column":645},"end":{"line":1,"column":671}},"20":{"start":{"line":1,"column":671},"end":{"line":1,"column":729}},"21":{"start":{"line":1,"column":729},"end":{"line":1,"column":1010}},"22":{"start":{"line":1,"column":750},"end":{"line":1,"column":791}},"23":{"start":{"line":1,"column":791},"end":{"line":1,"column":870}},"24":{"start":{"line":1,"column":809},"end":{"line":1,"column":826}},"25":{"start":{"line":1,"column":832},"end":{"line":1,"column":869}},"26":{"start":{"line":1,"column":876},"end":{"line":1,"column":1010}},"27":{"start":{"line":1,"column":895},"end":{"line":1,"column":913}},"28":{"start":{"line":1,"column":919},"end":{"line":1,"column":939}},"29":{"start":{"line":1,"column":939},"end":{"line":1,"column":980}},"30":{"start":{"line":1,"column":962},"end":{"line":1,"column":979}},"31":{"start":{"line":1,"column":980},"end":{"line":1,"column":1009}},"32":{"start":{"line":1,"column":1012},"end":{"line":1,"column":1062}},"33":{"start":{"line":1,"column":1062},"end":{"line":1,"column":1125}},"34":{"start":{"line":3,"column":0},"end":{"line":3,"column":53}},"35":{"start":{"line":3,"column":53},"end":{"line":3,"column":108}},"36":{"start":{"line":4,"column":0},"end":{"line":4,"column":58}},"37":{"start":{"line":4,"column":58},"end":{"line":4,"column":117}},"38":{"start":{"line":5,"column":0},"end":{"line":5,"column":43}},"39":{"start":{"line":5,"column":43},"end":{"line":5,"column":88}},"40":{"start":{"line":6,"column":0},"end":{"line":6,"column":35}},"41":{"start":{"line":6,"column":35},"end":{"line":6,"column":78}},"42":{"start":{"line":7,"column":0},"end":{"line":7,"column":31}},"43":{"start":{"line":7,"column":31},"end":{"line":7,"column":75}},"44":{"start":{"line":7,"column":75},"end":{"line":7,"column":158}},"45":{"start":{"line":7,"column":112},"end":{"line":7,"column":157}},"46":{"start":{"line":7,"column":158},"end":{"line":7,"column":303}},"47":{"start":{"line":7,"column":205},"end":{"line":7,"column":302}},"48":{"start":{"line":7,"column":244},"end":{"line":7,"column":301}},"49":{"start":{"line":7,"column":303},"end":{"line":7,"column":522}},"50":{"start":{"line":7,"column":350},"end":{"line":7,"column":447}},"51":{"start":{"line":7,"column":360},"end":{"line":7,"column":446}},"52":{"start":{"line":7,"column":447},"end":{"line":7,"column":521}},"53":{"start":{"line":7,"column":522},"end":{"line":7,"column":972}},"54":{"start":{"line":7,"column":562},"end":{"line":7,"column":715}},"55":{"start":{"line":7,"column":616},"end":{"line":7,"column":714}},"56":{"start":{"line":7,"column":715},"end":{"line":7,"column":862}},"57":{"start":{"line":7,"column":862},"end":{"line":7,"column":971}},"58":{"start":{"line":7,"column":876},"end":{"line":7,"column":971}},"59":{"start":{"line":9,"column":0},"end":{"line":9,"column":61}},"60":{"start":{"line":9,"column":61},"end":{"line":71,"column":64}},"61":{"start":{"line":11,"column":31},"end":{"line":11,"column":63}},"62":{"start":{"line":12,"column":0},"end":{"line":18,"column":74}},"63":{"start":{"line":12,"column":25},"end":{"line":12,"column":61}},"64":{"start":{"line":12,"column":61},"end":{"line":12,"column":152}},"65":{"start":{"line":14,"column":0},"end":{"line":14,"column":21}},"66":{"start":{"line":15,"column":0},"end":{"line":15,"column":24}},"67":{"start":{"line":16,"column":0},"end":{"line":16,"column":18}},"68":{"start":{"line":18,"column":0},"end":{"line":18,"column":60}},"69":{"start":{"line":18,"column":60},"end":{"line":18,"column":73}},"70":{"start":{"line":18,"column":74},"end":{"line":71,"column":24}},"71":{"start":{"line":22,"column":0},"end":{"line":22,"column":24}},"72":{"start":{"line":23,"column":0},"end":{"line":23,"column":82}},"73":{"start":{"line":26,"column":1},"end":{"line":26,"column":17}},"74":{"start":{"line":27,"column":0},"end":{"line":27,"column":22}},"75":{"start":{"line":28,"column":0},"end":{"line":30,"column":50}},"76":{"start":{"line":30,"column":11},"end":{"line":30,"column":47}},"77":{"start":{"line":32,"column":0},"end":{"line":35,"column":58}},"78":{"start":{"line":34,"column":11},"end":{"line":34,"column":47}},"79":{"start":{"line":40,"column":0},"end":{"line":40,"column":55}},"80":{"start":{"line":44,"column":0},"end":{"line":44,"column":145}},"81":{"start":{"line":45,"column":0},"end":{"line":45,"column":82}},"82":{"start":{"line":49,"column":0},"end":{"line":49,"column":17}},"83":{"start":{"line":53,"column":0},"end":{"line":53,"column":22}},"84":{"start":{"line":57,"column":0},"end":{"line":57,"column":71}},"85":{"start":{"line":58,"column":0},"end":{"line":58,"column":16}},"86":{"start":{"line":62,"column":0},"end":{"line":62,"column":73}},"87":{"start":{"line":63,"column":0},"end":{"line":63,"column":17}},"88":{"start":{"line":67,"column":0},"end":{"line":67,"column":24}},"89":{"start":{"line":71,"column":0},"end":{"line":71,"column":19}},"90":{"start":{"line":71,"column":24},"end":{"line":71,"column":45}},"91":{"start":{"line":75,"column":0},"end":{"line":75,"column":38}},"92":{"start":{"line":77,"column":0},"end":{"line":89,"column":11}},"93":{"start":{"line":78,"column":0},"end":{"line":89,"column":8}},"94":{"start":{"line":80,"column":0},"end":{"line":80,"column":39}},"95":{"start":{"line":81,"column":0},"end":{"line":81,"column":6}},"96":{"start":{"line":83,"column":0},"end":{"line":83,"column":38}},"97":{"start":{"line":84,"column":0},"end":{"line":84,"column":6}},"98":{"start":{"line":86,"column":0},"end":{"line":86,"column":28}},"99":{"start":{"line":87,"column":0},"end":{"line":87,"column":6}},"100":{"start":{"line":89,"column":0},"end":{"line":89,"column":7}},"101":{"start":{"line":89,"column":11},"end":{"line":93,"column":14}}},"branchMap":{"1":{"line":1,"type":"binary-expr","locations":[{"start":{"line":1,"column":216},"end":{"line":1,"column":237}},{"start":{"line":1,"column":239},"end":{"line":1,"column":244}}]},"2":{"line":1,"type":"if","locations":[{"start":{"line":1,"column":274},"end":{"line":1,"column":274}},{"start":{"line":1,"column":274},"end":{"line":1,"column":274}}]},"3":{"line":1,"type":"if","locations":[{"start":{"line":1,"column":433},"end":{"line":1,"column":433}},{"start":{"line":1,"column":433},"end":{"line":1,"column":433}}]},"4":{"line":1,"type":"if","locations":[{"start":{"line":1,"column":498},"end":{"line":1,"column":498}},{"start":{"line":1,"column":498},"end":{"line":1,"column":498}}]},"5":{"line":1,"type":"if","locations":[{"start":{"line":1,"column":628},"end":{"line":1,"column":628}},{"start":{"line":1,"column":628},"end":{"line":1,"column":628}}]},"6":{"line":1,"type":"if","locations":[{"start":{"line":1,"column":729},"end":{"line":1,"column":729}},{"start":{"line":1,"column":729},"end":{"line":1,"column":729}}]},"7":{"line":1,"type":"if","locations":[{"start":{"line":1,"column":791},"end":{"line":1,"column":791}},{"start":{"line":1,"column":791},"end":{"line":1,"column":791}}]},"8":{"line":1,"type":"if","locations":[{"start":{"line":1,"column":876},"end":{"line":1,"column":876}},{"start":{"line":1,"column":876},"end":{"line":1,"column":876}}]},"9":{"line":1,"type":"if","locations":[{"start":{"line":1,"column":939},"end":{"line":1,"column":939}},{"start":{"line":1,"column":939},"end":{"line":1,"column":939}}]},"10":{"line":7,"type":"cond-expr","locations":[{"start":{"line":7,"column":139},"end":{"line":7,"column":142}},{"start":{"line":7,"column":143},"end":{"line":7,"column":156}}]},"11":{"line":7,"type":"binary-expr","locations":[{"start":{"line":7,"column":119},"end":{"line":7,"column":122}},{"start":{"line":7,"column":124},"end":{"line":7,"column":138}}]},"12":{"line":7,"type":"if","locations":[{"start":{"line":7,"column":205},"end":{"line":7,"column":205}},{"start":{"line":7,"column":205},"end":{"line":7,"column":205}}]},"13":{"line":7,"type":"if","locations":[{"start":{"line":7,"column":350},"end":{"line":7,"column":350}},{"start":{"line":7,"column":350},"end":{"line":7,"column":350}}]},"14":{"line":7,"type":"cond-expr","locations":[{"start":{"line":7,"column":511},"end":{"line":7,"column":515}},{"start":{"line":7,"column":516},"end":{"line":7,"column":520}}]},"15":{"line":7,"type":"binary-expr","locations":[{"start":{"line":7,"column":454},"end":{"line":7,"column":458}},{"start":{"line":7,"column":461},"end":{"line":7,"column":483}},{"start":{"line":7,"column":485},"end":{"line":7,"column":509}}]},"16":{"line":7,"type":"if","locations":[{"start":{"line":7,"column":562},"end":{"line":7,"column":562}},{"start":{"line":7,"column":562},"end":{"line":7,"column":562}}]},"17":{"line":7,"type":"binary-expr","locations":[{"start":{"line":7,"column":565},"end":{"line":7,"column":595}},{"start":{"line":7,"column":597},"end":{"line":7,"column":614}}]},"18":{"line":7,"type":"binary-expr","locations":[{"start":{"line":7,"column":748},"end":{"line":7,"column":758}},{"start":{"line":7,"column":760},"end":{"line":7,"column":780}}]},"19":{"line":7,"type":"if","locations":[{"start":{"line":7,"column":862},"end":{"line":7,"column":862}},{"start":{"line":7,"column":862},"end":{"line":7,"column":862}}]},"20":{"line":7,"type":"cond-expr","locations":[{"start":{"line":7,"column":898},"end":{"line":7,"column":940}},{"start":{"line":7,"column":941},"end":{"line":7,"column":970}}]},"21":{"line":57,"type":"cond-expr","locations":[{"start":{"line":57,"column":35},"end":{"line":57,"column":39}},{"start":{"line":57,"column":40},"end":{"line":57,"column":70}}]},"22":{"line":62,"type":"cond-expr","locations":[{"start":{"line":62,"column":36},"end":{"line":62,"column":40}},{"start":{"line":62,"column":41},"end":{"line":62,"column":72}}]},"23":{"line":78,"type":"switch","locations":[{"start":{"line":79,"column":0},"end":{"line":81,"column":6}},{"start":{"line":82,"column":0},"end":{"line":84,"column":6}},{"start":{"line":85,"column":0},"end":{"line":87,"column":6}},{"start":{"line":88,"column":0},"end":{"line":89,"column":7}}]}},"l":{"1":40,"3":4,"4":4,"5":4,"6":4,"7":24,"9":4,"11":4,"12":4,"14":4,"15":4,"16":4,"18":4,"22":0,"23":0,"26":0,"27":0,"28":0,"30":0,"32":0,"34":0,"40":0,"44":0,"45":0,"49":0,"53":1,"57":1,"58":1,"62":1,"63":1,"67":0,"71":4,"75":4,"77":4,"78":0,"80":0,"81":0,"83":0,"84":0,"86":0,"87":0,"89":4}},
"/Users/dmh/Coding/Projects/Kort-Reloaded/kort-reloaded/js/dto/Answer.js":{"path":"/Users/dmh/Coding/Projects/Kort-Reloaded/kort-reloaded/js/dto/Answer.js","s":{"1":1,"2":1,"3":78,"4":0,"5":1,"6":78,"7":78,"8":78,"9":78,"10":78,"11":78,"12":1},"b":{"1":[0,78]},"f":{"1":78,"2":78},"fnMap":{"1":{"name":"_classCallCheck","line":1,"loc":{"start":{"line":1,"column":70},"end":{"line":1,"column":116}}},"2":{"name":"Answer","line":2,"loc":{"start":{"line":2,"column":0},"end":{"line":2,"column":44}}}},"statementMap":{"1":{"start":{"line":1,"column":13},"end":{"line":1,"column":70}},"2":{"start":{"line":1,"column":70},"end":{"line":1,"column":215}},"3":{"start":{"line":1,"column":117},"end":{"line":1,"column":214}},"4":{"start":{"line":1,"column":156},"end":{"line":1,"column":213}},"5":{"start":{"line":1,"column":215},"end":{"line":7,"column":17}},"6":{"start":{"line":2,"column":45},"end":{"line":2,"column":74}},"7":{"start":{"line":3,"column":0},"end":{"line":3,"column":11}},"8":{"start":{"line":4,"column":0},"end":{"line":4,"column":17}},"9":{"start":{"line":5,"column":0},"end":{"line":5,"column":17}},"10":{"start":{"line":6,"column":0},"end":{"line":6,"column":21}},"11":{"start":{"line":7,"column":0},"end":{"line":7,"column":15}},"12":{"start":{"line":7,"column":17},"end":{"line":7,"column":40}}},"branchMap":{"1":{"line":1,"type":"if","locations":[{"start":{"line":1,"column":117},"end":{"line":1,"column":117}},{"start":{"line":1,"column":117},"end":{"line":1,"column":117}}]}},"l":{"1":78,"2":78,"3":78,"4":78,"5":78,"6":78,"7":78}},
"/Users/dmh/Coding/Projects/Kort-Reloaded/kort-reloaded/js/stores/AnswerStore.js":{"path":"/Users/dmh/Coding/Projects/Kort-Reloaded/kort-reloaded/js/stores/AnswerStore.js","s":{"1":9,"2":9,"3":1,"4":9,"5":63,"6":63,"7":63,"8":63,"9":63,"10":63,"11":9,"12":9,"13":9,"14":9,"15":0,"16":9,"17":9,"18":7,"19":0,"20":7,"21":7,"22":0,"23":0,"24":0,"25":0,"26":7,"27":7,"28":0,"29":0,"30":0,"31":0,"32":9,"33":9,"34":9,"35":9,"36":9,"37":9,"38":9,"39":9,"40":9,"41":9,"42":1,"43":45,"44":1,"45":9,"46":0,"47":1,"48":9,"49":0,"50":9,"51":1,"52":9,"53":0,"54":9,"55":9,"56":9,"57":9,"58":9,"59":1,"60":9,"61":9,"62":9,"63":9,"64":9,"65":9,"66":4,"67":4,"68":3,"69":3,"70":3,"71":3,"72":0,"73":0,"74":0,"75":4,"76":1,"77":3,"78":3,"79":1,"80":2,"81":5,"82":0,"83":9,"84":9,"85":9,"86":7,"87":4,"88":4,"89":3,"90":3,"91":0,"92":0,"93":0,"94":0,"95":0,"96":9},"b":{"1":[63,63],"2":[63,0],"3":[9,0],"4":[0,9],"5":[0,7],"6":[0,7],"7":[0,0],"8":[7,0],"9":[0,0],"10":[27,18],"11":[45,45],"12":[0,9],"13":[0,9],"14":[0,9],"15":[9,0,0],"16":[0,9],"17":[9,0],"18":[9,9],"19":[9,0],"20":[9,0],"21":[3,0],"22":[1,3],"23":[1,2],"24":[4,3,0,0,0,0]},"f":{"1":9,"2":9,"3":9,"4":7,"5":45,"6":9,"7":9,"8":9,"9":9,"10":9,"11":4,"12":3,"13":0,"14":0,"15":4,"16":5,"17":0,"18":7},"fnMap":{"1":{"name":"(anonymous_1)","line":1,"loc":{"start":{"line":1,"column":87},"end":{"line":1,"column":97}}},"2":{"name":"defineProperties","line":1,"loc":{"start":{"line":1,"column":98},"end":{"line":1,"column":137}}},"3":{"name":"(anonymous_3)","line":1,"loc":{"start":{"line":1,"column":388},"end":{"line":1,"column":432}}},"4":{"name":"get","line":1,"loc":{"start":{"line":1,"column":589},"end":{"line":1,"column":627}}},"5":{"name":"_interopRequireDefault","line":6,"loc":{"start":{"line":6,"column":75},"end":{"line":6,"column":111}}},"6":{"name":"_classCallCheck","line":6,"loc":{"start":{"line":6,"column":158},"end":{"line":6,"column":204}}},"7":{"name":"_possibleConstructorReturn","line":6,"loc":{"start":{"line":6,"column":303},"end":{"line":6,"column":349}}},"8":{"name":"_inherits","line":6,"loc":{"start":{"line":6,"column":522},"end":{"line":6,"column":561}}},"9":{"name":"(anonymous_9)","line":8,"loc":{"start":{"line":8,"column":12},"end":{"line":8,"column":28}}},"10":{"name":"AnswerStore","line":9,"loc":{"start":{"line":9,"column":0},"end":{"line":9,"column":22}}},"11":{"name":"_setAllAnswers","line":12,"loc":{"start":{"line":12,"column":86},"end":{"line":15,"column":8}}},"12":{"name":"_setAnswersForType","line":17,"loc":{"start":{"line":17,"column":115},"end":{"line":20,"column":17}}},"13":{"name":"_raiseError","line":23,"loc":{"start":{"line":23,"column":108},"end":{"line":26,"column":0}}},"14":{"name":"_clearError","line":28,"loc":{"start":{"line":28,"column":108},"end":{"line":31,"column":0}}},"15":{"name":"getAnswersForType","line":32,"loc":{"start":{"line":32,"column":51},"end":{"line":35,"column":9}}},"16":{"name":"getAllAnswers","line":41,"loc":{"start":{"line":41,"column":45},"end":{"line":44,"column":0}}},"17":{"name":"getError","line":45,"loc":{"start":{"line":45,"column":46},"end":{"line":48,"column":0}}},"18":{"name":"(anonymous_18)","line":55,"loc":{"start":{"line":55,"column":59},"end":{"line":55,"column":75}}}},"statementMap":{"1":{"start":{"line":1,"column":13},"end":{"line":1,"column":70}},"2":{"start":{"line":1,"column":70},"end":{"line":1,"column":580}},"3":{"start":{"line":1,"column":98},"end":{"line":1,"column":381}},"4":{"start":{"line":1,"column":138},"end":{"line":1,"column":380}},"5":{"start":{"line":1,"column":170},"end":{"line":1,"column":194}},"6":{"start":{"line":1,"column":194},"end":{"line":1,"column":245}},"7":{"start":{"line":1,"column":245},"end":{"line":1,"column":274}},"8":{"start":{"line":1,"column":274},"end":{"line":1,"column":323}},"9":{"start":{"line":1,"column":298},"end":{"line":1,"column":323}},"10":{"start":{"line":1,"column":323},"end":{"line":1,"column":379}},"11":{"start":{"line":1,"column":381},"end":{"line":1,"column":576}},"12":{"start":{"line":1,"column":433},"end":{"line":1,"column":498}},"13":{"start":{"line":1,"column":447},"end":{"line":1,"column":498}},"14":{"start":{"line":1,"column":498},"end":{"line":1,"column":555}},"15":{"start":{"line":1,"column":513},"end":{"line":1,"column":555}},"16":{"start":{"line":1,"column":555},"end":{"line":1,"column":574}},"17":{"start":{"line":1,"column":580},"end":{"line":1,"column":1012}},"18":{"start":{"line":1,"column":628},"end":{"line":1,"column":671}},"19":{"start":{"line":1,"column":645},"end":{"line":1,"column":671}},"20":{"start":{"line":1,"column":671},"end":{"line":1,"column":729}},"21":{"start":{"line":1,"column":729},"end":{"line":1,"column":1010}},"22":{"start":{"line":1,"column":750},"end":{"line":1,"column":791}},"23":{"start":{"line":1,"column":791},"end":{"line":1,"column":870}},"24":{"start":{"line":1,"column":809},"end":{"line":1,"column":826}},"25":{"start":{"line":1,"column":832},"end":{"line":1,"column":869}},"26":{"start":{"line":1,"column":876},"end":{"line":1,"column":1010}},"27":{"start":{"line":1,"column":895},"end":{"line":1,"column":913}},"28":{"start":{"line":1,"column":919},"end":{"line":1,"column":939}},"29":{"start":{"line":1,"column":939},"end":{"line":1,"column":980}},"30":{"start":{"line":1,"column":962},"end":{"line":1,"column":979}},"31":{"start":{"line":1,"column":980},"end":{"line":1,"column":1009}},"32":{"start":{"line":1,"column":1012},"end":{"line":1,"column":1062}},"33":{"start":{"line":1,"column":1062},"end":{"line":1,"column":1125}},"34":{"start":{"line":3,"column":0},"end":{"line":3,"column":53}},"35":{"start":{"line":3,"column":53},"end":{"line":3,"column":108}},"36":{"start":{"line":4,"column":0},"end":{"line":4,"column":58}},"37":{"start":{"line":4,"column":58},"end":{"line":4,"column":117}},"38":{"start":{"line":5,"column":0},"end":{"line":5,"column":35}},"39":{"start":{"line":5,"column":35},"end":{"line":5,"column":78}},"40":{"start":{"line":6,"column":0},"end":{"line":6,"column":31}},"41":{"start":{"line":6,"column":31},"end":{"line":6,"column":75}},"42":{"start":{"line":6,"column":75},"end":{"line":6,"column":158}},"43":{"start":{"line":6,"column":112},"end":{"line":6,"column":157}},"44":{"start":{"line":6,"column":158},"end":{"line":6,"column":303}},"45":{"start":{"line":6,"column":205},"end":{"line":6,"column":302}},"46":{"start":{"line":6,"column":244},"end":{"line":6,"column":301}},"47":{"start":{"line":6,"column":303},"end":{"line":6,"column":522}},"48":{"start":{"line":6,"column":350},"end":{"line":6,"column":447}},"49":{"start":{"line":6,"column":360},"end":{"line":6,"column":446}},"50":{"start":{"line":6,"column":447},"end":{"line":6,"column":521}},"51":{"start":{"line":6,"column":522},"end":{"line":6,"column":972}},"52":{"start":{"line":6,"column":562},"end":{"line":6,"column":715}},"53":{"start":{"line":6,"column":616},"end":{"line":6,"column":714}},"54":{"start":{"line":6,"column":715},"end":{"line":6,"column":862}},"55":{"start":{"line":6,"column":862},"end":{"line":6,"column":971}},"56":{"start":{"line":6,"column":876},"end":{"line":6,"column":971}},"57":{"start":{"line":6,"column":972},"end":{"line":49,"column":62}},"58":{"start":{"line":8,"column":29},"end":{"line":8,"column":59}},"59":{"start":{"line":9,"column":0},"end":{"line":12,"column":32}},"60":{"start":{"line":9,"column":23},"end":{"line":9,"column":57}},"61":{"start":{"line":9,"column":57},"end":{"line":9,"column":146}},"62":{"start":{"line":11,"column":0},"end":{"line":11,"column":20}},"63":{"start":{"line":12,"column":0},"end":{"line":12,"column":18}},"64":{"start":{"line":12,"column":18},"end":{"line":12,"column":31}},"65":{"start":{"line":12,"column":32},"end":{"line":49,"column":24}},"66":{"start":{"line":16,"column":0},"end":{"line":16,"column":22}},"67":{"start":{"line":17,"column":0},"end":{"line":17,"column":80}},"68":{"start":{"line":21,"column":0},"end":{"line":21,"column":48}},"69":{"start":{"line":21,"column":24},"end":{"line":21,"column":48}},"70":{"start":{"line":22,"column":0},"end":{"line":22,"column":36}},"71":{"start":{"line":23,"column":0},"end":{"line":23,"column":80}},"72":{"start":{"line":27,"column":0},"end":{"line":27,"column":137}},"73":{"start":{"line":28,"column":0},"end":{"line":28,"column":80}},"74":{"start":{"line":32,"column":0},"end":{"line":32,"column":17}},"75":{"start":{"line":36,"column":0},"end":{"line":36,"column":36}},"76":{"start":{"line":36,"column":24},"end":{"line":36,"column":36}},"77":{"start":{"line":38,"column":0},"end":{"line":38,"column":40}},"78":{"start":{"line":39,"column":0},"end":{"line":39,"column":35}},"79":{"start":{"line":39,"column":23},"end":{"line":39,"column":35}},"80":{"start":{"line":41,"column":0},"end":{"line":41,"column":15}},"81":{"start":{"line":45,"column":0},"end":{"line":45,"column":21}},"82":{"start":{"line":49,"column":0},"end":{"line":49,"column":19}},"83":{"start":{"line":49,"column":24},"end":{"line":49,"column":43}},"84":{"start":{"line":53,"column":0},"end":{"line":53,"column":34}},"85":{"start":{"line":55,"column":0},"end":{"line":71,"column":11}},"86":{"start":{"line":56,"column":0},"end":{"line":71,"column":8}},"87":{"start":{"line":58,"column":0},"end":{"line":58,"column":40}},"88":{"start":{"line":59,"column":0},"end":{"line":59,"column":6}},"89":{"start":{"line":61,"column":0},"end":{"line":61,"column":60}},"90":{"start":{"line":62,"column":0},"end":{"line":62,"column":6}},"91":{"start":{"line":65,"column":0},"end":{"line":65,"column":26}},"92":{"start":{"line":66,"column":0},"end":{"line":66,"column":6}},"93":{"start":{"line":68,"column":0},"end":{"line":68,"column":26}},"94":{"start":{"line":69,"column":0},"end":{"line":69,"column":6}},"95":{"start":{"line":71,"column":0},"end":{"line":71,"column":7}},"96":{"start":{"line":71,"column":11},"end":{"line":75,"column":12}}},"branchMap":{"1":{"line":1,"type":"binary-expr","locations":[{"start":{"line":1,"column":216},"end":{"line":1,"column":237}},{"start":{"line":1,"column":239},"end":{"line":1,"column":244}}]},"2":{"line":1,"type":"if","locations":[{"start":{"line":1,"column":274},"end":{"line":1,"column":274}},{"start":{"line":1,"column":274},"end":{"line":1,"column":274}}]},"3":{"line":1,"type":"if","locations":[{"start":{"line":1,"column":433},"end":{"line":1,"column":433}},{"start":{"line":1,"column":433},"end":{"line":1,"column":433}}]},"4":{"line":1,"type":"if","locations":[{"start":{"line":1,"column":498},"end":{"line":1,"column":498}},{"start":{"line":1,"column":498},"end":{"line":1,"column":498}}]},"5":{"line":1,"type":"if","locations":[{"start":{"line":1,"column":628},"end":{"line":1,"column":628}},{"start":{"line":1,"column":628},"end":{"line":1,"column":628}}]},"6":{"line":1,"type":"if","locations":[{"start":{"line":1,"column":729},"end":{"line":1,"column":729}},{"start":{"line":1,"column":729},"end":{"line":1,"column":729}}]},"7":{"line":1,"type":"if","locations":[{"start":{"line":1,"column":791},"end":{"line":1,"column":791}},{"start":{"line":1,"column":791},"end":{"line":1,"column":791}}]},"8":{"line":1,"type":"if","locations":[{"start":{"line":1,"column":876},"end":{"line":1,"column":876}},{"start":{"line":1,"column":876},"end":{"line":1,"column":876}}]},"9":{"line":1,"type":"if","locations":[{"start":{"line":1,"column":939},"end":{"line":1,"column":939}},{"start":{"line":1,"column":939},"end":{"line":1,"column":939}}]},"10":{"line":6,"type":"cond-expr","locations":[{"start":{"line":6,"column":139},"end":{"line":6,"column":142}},{"start":{"line":6,"column":143},"end":{"line":6,"column":156}}]},"11":{"line":6,"type":"binary-expr","locations":[{"start":{"line":6,"column":119},"end":{"line":6,"column":122}},{"start":{"line":6,"column":124},"end":{"line":6,"column":138}}]},"12":{"line":6,"type":"if","locations":[{"start":{"line":6,"column":205},"end":{"line":6,"column":205}},{"start":{"line":6,"column":205},"end":{"line":6,"column":205}}]},"13":{"line":6,"type":"if","locations":[{"start":{"line":6,"column":350},"end":{"line":6,"column":350}},{"start":{"line":6,"column":350},"end":{"line":6,"column":350}}]},"14":{"line":6,"type":"cond-expr","locations":[{"start":{"line":6,"column":511},"end":{"line":6,"column":515}},{"start":{"line":6,"column":516},"end":{"line":6,"column":520}}]},"15":{"line":6,"type":"binary-expr","locations":[{"start":{"line":6,"column":454},"end":{"line":6,"column":458}},{"start":{"line":6,"column":461},"end":{"line":6,"column":483}},{"start":{"line":6,"column":485},"end":{"line":6,"column":509}}]},"16":{"line":6,"type":"if","locations":[{"start":{"line":6,"column":562},"end":{"line":6,"column":562}},{"start":{"line":6,"column":562},"end":{"line":6,"column":562}}]},"17":{"line":6,"type":"binary-expr","locations":[{"start":{"line":6,"column":565},"end":{"line":6,"column":595}},{"start":{"line":6,"column":597},"end":{"line":6,"column":614}}]},"18":{"line":6,"type":"binary-expr","locations":[{"start":{"line":6,"column":748},"end":{"line":6,"column":758}},{"start":{"line":6,"column":760},"end":{"line":6,"column":780}}]},"19":{"line":6,"type":"if","locations":[{"start":{"line":6,"column":862},"end":{"line":6,"column":862}},{"start":{"line":6,"column":862},"end":{"line":6,"column":862}}]},"20":{"line":6,"type":"cond-expr","locations":[{"start":{"line":6,"column":898},"end":{"line":6,"column":940}},{"start":{"line":6,"column":941},"end":{"line":6,"column":970}}]},"21":{"line":21,"type":"if","locations":[{"start":{"line":21,"column":0},"end":{"line":21,"column":0}},{"start":{"line":21,"column":0},"end":{"line":21,"column":0}}]},"22":{"line":36,"type":"if","locations":[{"start":{"line":36,"column":0},"end":{"line":36,"column":0}},{"start":{"line":36,"column":0},"end":{"line":36,"column":0}}]},"23":{"line":39,"type":"if","locations":[{"start":{"line":39,"column":0},"end":{"line":39,"column":0}},{"start":{"line":39,"column":0},"end":{"line":39,"column":0}}]},"24":{"line":56,"type":"switch","locations":[{"start":{"line":57,"column":0},"end":{"line":59,"column":6}},{"start":{"line":60,"column":0},"end":{"line":62,"column":6}},{"start":{"line":63,"column":0},"end":{"line":63,"column":46}},{"start":{"line":64,"column":0},"end":{"line":66,"column":6}},{"start":{"line":67,"column":0},"end":{"line":69,"column":6}},{"start":{"line":70,"column":0},"end":{"line":71,"column":7}}]}},"l":{"1":63,"3":9,"4":9,"5":9,"6":45,"8":9,"9":9,"11":9,"12":9,"16":4,"17":4,"21":3,"22":3,"23":3,"27":0,"28":0,"32":0,"36":4,"38":3,"39":3,"41":2,"45":5,"49":9,"53":9,"55":9,"56":7,"58":4,"59":4,"61":3,"62":3,"65":0,"66":0,"68":0,"69":0,"71":9}},
"/Users/dmh/Coding/Projects/Kort-Reloaded/kort-reloaded/js/stores/TaskStore.js":{"path":"/Users/dmh/Coding/Projects/Kort-Reloaded/kort-reloaded/js/stores/TaskStore.js","s":{"1":10,"2":10,"3":1,"4":10,"5":60,"6":60,"7":60,"8":60,"9":60,"10":60,"11":10,"12":10,"13":10,"14":10,"15":0,"16":10,"17":10,"18":8,"19":0,"20":8,"21":8,"22":0,"23":0,"24":0,"25":0,"26":8,"27":8,"28":0,"29":0,"30":0,"31":0,"32":10,"33":10,"34":10,"35":10,"36":10,"37":10,"38":10,"39":10,"40":10,"41":10,"42":1,"43":50,"44":1,"45":10,"46":0,"47":1,"48":10,"49":0,"50":10,"51":1,"52":10,"53":0,"54":10,"55":10,"56":10,"57":10,"58":10,"59":1,"60":10,"61":10,"62":10,"63":10,"64":10,"65":10,"66":8,"67":8,"68":0,"69":0,"70":0,"71":8,"72":3,"73":1,"74":2,"75":3,"76":3,"77":3,"78":1,"79":2,"80":0,"81":0,"82":0,"83":0,"84":2,"85":2,"86":1,"87":1,"88":0,"89":10,"90":10,"91":10,"92":8,"93":8,"94":8,"95":0,"96":0,"97":0,"98":0,"99":0,"100":10},"b":{"1":[60,60],"2":[60,0],"3":[10,0],"4":[0,10],"5":[0,8],"6":[0,8],"7":[0,0],"8":[8,0],"9":[0,0],"10":[30,20],"11":[50,50],"12":[0,10],"13":[0,10],"14":[10,0],"15":[10,10,0],"16":[0,10],"17":[10,0],"18":[10,10],"19":[10,0],"20":[10,0],"21":[1,2],"22":[3,0],"23":[1,2],"24":[0,0],"25":[1,1],"26":[8,0,0,0,0]},"f":{"1":10,"2":10,"3":10,"4":8,"5":50,"6":10,"7":10,"8":10,"9":10,"10":10,"11":8,"12":0,"13":0,"14":8,"15":3,"16":0,"17":8},"fnMap":{"1":{"name":"(anonymous_1)","line":1,"loc":{"start":{"line":1,"column":87},"end":{"line":1,"column":97}}},"2":{"name":"defineProperties","line":1,"loc":{"start":{"line":1,"column":98},"end":{"line":1,"column":137}}},"3":{"name":"(anonymous_3)","line":1,"loc":{"start":{"line":1,"column":388},"end":{"line":1,"column":432}}},"4":{"name":"get","line":1,"loc":{"start":{"line":1,"column":589},"end":{"line":1,"column":627}}},"5":{"name":"_interopRequireDefault","line":6,"loc":{"start":{"line":6,"column":75},"end":{"line":6,"column":111}}},"6":{"name":"_classCallCheck","line":6,"loc":{"start":{"line":6,"column":158},"end":{"line":6,"column":204}}},"7":{"name":"_possibleConstructorReturn","line":6,"loc":{"start":{"line":6,"column":303},"end":{"line":6,"column":349}}},"8":{"name":"_inherits","line":6,"loc":{"start":{"line":6,"column":522},"end":{"line":6,"column":561}}},"9":{"name":"(anonymous_9)","line":8,"loc":{"start":{"line":8,"column":10},"end":{"line":8,"column":26}}},"10":{"name":"TaskStore","line":9,"loc":{"start":{"line":9,"column":0},"end":{"line":9,"column":20}}},"11":{"name":"_setTasks","line":12,"loc":{"start":{"line":12,"column":79},"end":{"line":15,"column":6}}},"12":{"name":"_raiseError","line":17,"loc":{"start":{"line":17,"column":106},"end":{"line":20,"column":0}}},"13":{"name":"_clearError","line":22,"loc":{"start":{"line":22,"column":106},"end":{"line":25,"column":0}}},"14":{"name":"getAll","line":26,"loc":{"start":{"line":26,"column":40},"end":{"line":29,"column":0}}},"15":{"name":"get","line":30,"loc":{"start":{"line":30,"column":39},"end":{"line":33,"column":3}}},"16":{"name":"getError","line":42,"loc":{"start":{"line":42,"column":37},"end":{"line":45,"column":0}}},"17":{"name":"(anonymous_17)","line":52,"loc":{"start":{"line":52,"column":57},"end":{"line":52,"colum
[...]
{"line":80,"column":38}},"104":{"start":{"line":81,"column":0},"end":{"line":81,"column":6}},"105":{"start":{"line":83,"column":0},"end":{"line":83,"column":31}},"106":{"start":{"line":84,"column":0},"end":{"line":84,"column":6}},"107":{"start":{"line":86,"column":0},"end":{"line":86,"column":30}},"108":{"start":{"line":87,"column":0},"end":{"line":87,"column":6}},"109":{"start":{"line":89,"column":0},"end":{"line":89,"column":24}},"110":{"start":{"line":90,"column":0},"end":{"line":90,"column":6}},"111":{"start":{"line":92,"column":0},"end":{"line":92,"column":7}},"112":{"start":{"line":92,"column":11},"end":{"line":96,"column":10}}},"branchMap":{"1":{"line":1,"type":"binary-expr","locations":[{"start":{"line":1,"column":216},"end":{"line":1,"column":237}},{"start":{"line":1,"column":239},"end":{"line":1,"column":244}}]},"2":{"line":1,"type":"if","locations":[{"start":{"line":1,"column":274},"end":{"line":1,"column":274}},{"start":{"line":1,"column":274},"end":{"line":1,"column":274}}]},"3":{"line":1,"type":"if","locations":[{"start":{"line":1,"column":433},"end":{"line":1,"column":433}},{"start":{"line":1,"column":433},"end":{"line":1,"column":433}}]},"4":{"line":1,"type":"if","locations":[{"start":{"line":1,"column":498},"end":{"line":1,"column":498}},{"start":{"line":1,"column":498},"end":{"line":1,"column":498}}]},"5":{"line":1,"type":"if","locations":[{"start":{"line":1,"column":628},"end":{"line":1,"column":628}},{"start":{"line":1,"column":628},"end":{"line":1,"column":628}}]},"6":{"line":1,"type":"if","locations":[{"start":{"line":1,"column":729},"end":{"line":1,"column":729}},{"start":{"line":1,"column":729},"end":{"line":1,"column":729}}]},"7":{"line":1,"type":"if","locations":[{"start":{"line":1,"column":791},"end":{"line":1,"column":791}},{"start":{"line":1,"column":791},"end":{"line":1,"column":791}}]},"8":{"line":1,"type":"if","locations":[{"start":{"line":1,"column":876},"end":{"line":1,"column":876}},{"start":{"line":1,"column":876},"end":{"line":1,"column":876}}]},"9":{"line":1,"type":"if","locations":[{"start":{"line":1,"column":939},"end":{"line":1,"column":939}},{"start":{"line":1,"column":939},"end":{"line":1,"column":939}}]},"10":{"line":8,"type":"cond-expr","locations":[{"start":{"line":8,"column":193},"end":{"line":8,"column":196}},{"start":{"line":8,"column":197},"end":{"line":8,"column":210}}]},"11":{"line":8,"type":"binary-expr","locations":[{"start":{"line":8,"column":173},"end":{"line":8,"column":176}},{"start":{"line":8,"column":178},"end":{"line":8,"column":192}}]},"12":{"line":8,"type":"if","locations":[{"start":{"line":8,"column":259},"end":{"line":8,"column":259}},{"start":{"line":8,"column":259},"end":{"line":8,"column":259}}]},"13":{"line":8,"type":"if","locations":[{"start":{"line":8,"column":404},"end":{"line":8,"column":404}},{"start":{"line":8,"column":404},"end":{"line":8,"column":404}}]},"14":{"line":8,"type":"cond-expr","locations":[{"start":{"line":8,"column":565},"end":{"line":8,"column":569}},{"start":{"line":8,"column":570},"end":{"line":8,"column":574}}]},"15":{"line":8,"type":"binary-expr","locations":[{"start":{"line":8,"column":508},"end":{"line":8,"column":512}},{"start":{"line":8,"column":515},"end":{"line":8,"column":537}},{"start":{"line":8,"column":539},"end":{"line":8,"column":563}}]},"16":{"line":8,"type":"if","locations":[{"start":{"line":8,"column":616},"end":{"line":8,"column":616}},{"start":{"line":8,"column":616},"end":{"line":8,"column":616}}]},"17":{"line":8,"type":"binary-expr","locations":[{"start":{"line":8,"column":619},"end":{"line":8,"column":649}},{"start":{"line":8,"column":651},"end":{"line":8,"column":668}}]},"18":{"line":8,"type":"binary-expr","locations":[{"start":{"line":8,"column":802},"end":{"line":8,"column":812}},{"start":{"line":8,"column":814},"end":{"line":8,"column":834}}]},"19":{"line":8,"type":"if","locations":[{"start":{"line":8,"column":916},"end":{"line":8,"column":916}},{"start":{"line":8,"column":916},"end":{"line":8,"column":916}}]},"20":{"line":8,"type":"cond-expr","locations":[{"start":{"line":8,"column":952},"end":{"line":8,"column":994}},{"start":{"line":8,"column":995},"end":{"line":8,"column":1024}}]},"21":{"line":18,"type":"if","locations":[{"start":{"line":18,"column":0},"end":{"line":18,"column":0}},{"start":{"line":18,"column":0},"end":{"line":18,"column":0}}]},"22":{"line":24,"type":"if","locations":[{"start":{"line":24,"column":0},"end":{"line":24,"column":0}},{"start":{"line":24,"column":0},"end":{"line":24,"column":0}}]},"23":{"line":27,"type":"if","locations":[{"start":{"line":27,"column":0},"end":{"line":27,"column":0}},{"start":{"line":27,"column":0},"end":{"line":27,"column":0}}]},"24":{"line":54,"type":"if","locations":[{"start":{"line":54,"column":0},"end":{"line":54,"column":0}},{"start":{"line":54,"column":0},"end":{"line":54,"column":0}}]},"25":{"line":57,"type":"if","locations":[{"start":{"line":57,"column":0},"end":{"line":57,"column":0}},{"start":{"line":57,"column":0},"end":{"line":57,"column":0}}]},"26":{"line":75,"type":"switch","locations":[{"start":{"line":76,"column":0},"end":{"line":78,"column":6}},{"start":{"line":79,"column":0},"end":{"line":81,"column":6}},{"start":{"line":82,"column":0},"end":{"line":84,"column":6}},{"start":{"line":85,"column":0},"end":{"line":87,"column":6}},{"start":{"line":88,"column":0},"end":{"line":90,"column":6}},{"start":{"line":91,"column":0},"end":{"line":92,"column":7}}]}},"l":{"1":56,"3":7,"4":7,"5":7,"6":7,"8":42,"10":7,"11":7,"13":7,"14":7,"18":6,"19":6,"20":6,"24":2,"26":1,"27":1,"29":1,"30":1,"31":1,"32":1,"33":1,"35":1,"39":0,"40":0,"44":0,"46":0,"50":0,"54":6,"56":4,"57":4,"59":3,"63":0,"64":0,"68":7,"72":7,"74":7,"75":7,"77":5,"78":5,"80":2,"81":2,"83":0,"84":0,"86":0,"87":0,"89":0,"90":0,"92":7}},
"/Users/dmh/Coding/Projects/Kort-Reloaded/kort-reloaded/js/dto/TaskReward.js":{"path":"/Users/dmh/Coding/Projects/Kort-Reloaded/kort-reloaded/js/dto/TaskReward.js","s":{"1":1,"2":1,"3":6,"4":0,"5":1,"6":6,"7":6,"8":6,"9":6,"10":1},"b":{"1":[0,6]},"f":{"1":6,"2":6},"fnMap":{"1":{"name":"_classCallCheck","line":1,"loc":{"start":{"line":1,"column":70},"end":{"line":1,"column":116}}},"2":{"name":"TaskReward","line":2,"loc":{"start":{"line":2,"column":0},"end":{"line":2,"column":55}}}},"statementMap":{"1":{"start":{"line":1,"column":13},"end":{"line":1,"column":70}},"2":{"start":{"line":1,"column":70},"end":{"line":1,"column":215}},"3":{"start":{"line":1,"column":117},"end":{"line":1,"column":214}},"4":{"start":{"line":1,"column":156},"end":{"line":1,"column":213}},"5":{"start":{"line":1,"column":215},"end":{"line":5,"column":35}},"6":{"start":{"line":2,"column":56},"end":{"line":2,"column":89}},"7":{"start":{"line":3,"column":0},"end":{"line":3,"column":19}},"8":{"start":{"line":4,"column":0},"end":{"line":4,"column":33}},"9":{"start":{"line":5,"column":0},"end":{"line":5,"column":33}},"10":{"start":{"line":5,"column":35},"end":{"line":5,"column":62}}},"branchMap":{"1":{"line":1,"type":"if","locations":[{"start":{"line":1,"column":117},"end":{"line":1,"column":117}},{"start":{"line":1,"column":117},"end":{"line":1,"column":117}}]}},"l":{"1":6,"2":6,"3":6,"4":6,"5":6}},
"/Users/dmh/Coding/Projects/Kort-Reloaded/kort-reloaded/js/stores/TaskRewardStore.js":{"path":"/Users/dmh/Coding/Projects/Kort-Reloaded/kort-reloaded/js/stores/TaskRewardStore.js","s":{"1":5,"2":5,"3":1,"4":5,"5":25,"6":25,"7":25,"8":25,"9":25,"10":25,"11":5,"12":5,"13":5,"14":5,"15":0,"16":5,"17":5,"18":4,"19":0,"20":4,"21":4,"22":0,"23":0,"24":0,"25":0,"26":4,"27":4,"28":0,"29":0,"30":0,"31":0,"32":5,"33":5,"34":5,"35":5,"36":5,"37":5,"38":5,"39":5,"40":5,"41":5,"42":1,"43":25,"44":1,"45":5,"46":0,"47":1,"48":5,"49":0,"50":5,"51":1,"52":5,"53":0,"54":5,"55":5,"56":5,"57":5,"58":5,"59":1,"60":5,"61":5,"62":5,"63":5,"64":5,"65":5,"66":4,"67":4,"68":0,"69":0,"70":0,"71":4,"72":0,"73":5,"74":5,"75":5,"76":4,"77":4,"78":4,"79":0,"80":0,"81":0,"82":0,"83":0,"84":5},"b":{"1":[25,25],"2":[25,0],"3":[5,0],"4":[0,5],"5":[0,4],"6":[0,4],"7":[0,0],"8":[4,0],"9":[0,0],"10":[15,10],"11":[25,25],"12":[0,5],"13":[0,5],"14":[0,5],"15":[5,0,0],"16":[0,5],"17":[5,0],"18":[5,5],"19":[5,0],"20":[5,0],"21":[3,4,0,0,0,0,0]},"f":{"1":5,"2":5,"3":5,"4":4,"5":25,"6":5,"7":5,"8":5,"9":5,"10":5,"11":4,"12":0,"13":0,"14":4,"15":0,"16":4},"fnMap":{"1":{"name":"(anonymous_1)","line":1,"loc":{"start":{"line":1,"column":87},"end":{"line":1,"column":97}}},"2":{"name":"defineProperties","line":1,"loc":{"start":{"line":1,"column":98},"end":{"line":1,"column":137}}},"3":{"name":"(anonymous_3)","line":1,"loc":{"start":{"line":1,"column":388},"end":{"line":1,"column":432}}},"4":{"name":"get","line":1,"loc":{"start":{"line":1,"column":589},"end":{"line":1,"column":627}}},"5":{"name":"_interopRequireDefault","line":6,"loc":{"start":{"line":6,"column":75},"end":{"line":6,"column":111}}},"6":{"name":"_classCallCheck","line":6,"loc":{"start":{"line":6,"column":158},"end":{"line":6,"column":204}}},"7":{"name":"_possibleConstructorReturn","line":6,"loc":{"start":{"line":6,"column":303},"end":{"line":6,"column":349}}},"8":{"name":"_inherits","line":6,"loc":{"start":{"line":6,"column":522},"end":{"line":6,"column":561}}},"9":{"name":"(anonymous_9)","line":8,"loc":{"start":{"line":8,"column":16},"end":{"line":8,"column":32}}},"10":{"name":"TaskRewardStore","line":9,"loc":{"start":{"line":9,"column":0},"end":{"line":9,"column":26}}},"11":{"name":"_setTaskReward","line":12,"loc":{"start":{"line":12,"column":90},"end":{"line":15,"column":11}}},"12":{"name":"_raiseError","line":17,"loc":{"start":{"line":17,"column":112},"end":{"line":20,"column":0}}},"13":{"name":"_clearError","line":23,"loc":{"start":{"line":23,"column":112},"end":{"line":26,"column":0}}},"14":{"name":"getTaskReward","line":27,"loc":{"start":{"line":27,"column":47},"end":{"line":30,"column":0}}},"15":{"name":"getError","line":31,"loc":{"start":{"line":31,"column":49},"end":{"line":34,"column":0}}},"16":{"name":"(anonymous_16)","line":41,"loc":{"start":{"line":41,"column":63},"end":{"line":41,"column":79}}}},"statementMap":{"1":{"start":{"line":1,"column":13},"end":{"line":1,"column":70}},"2":{"start":{"line":1,"column":70},"end":{"line":1,"column":580}},"3":{"start":{"line":1,"column":98},"end":{"line":1,"column":381}},"4":{"start":{"line":1,"column":138},"end":{"line":1,"column":380}},"5":{"start":{"line":1,"column":170},"end":{"line":1,"column":194}},"6":{"start":{"line":1,"column":194},"end":{"line":1,"column":245}},"7":{"start":{"line":1,"column":245},"end":{"line":1,"column":274}},"8":{"start":{"line":1,"column":274},"end":{"line":1,"column":323}},"9":{"start":{"line":1,"column":298},"end":{"line":1,"column":323}},"10":{"start":{"line":1,"column":323},"end":{"line":1,"column":379}},"11":{"start":{"line":1,"column":381},"end":{"line":1,"column":576}},"12":{"start":{"line":1,"column":433},"end":{"line":1,"column":498}},"13":{"start":{"line":1,"column":447},"end":{"line":1,"column":498}},"14":{"start":{"line":1,"column":498},"end":{"line":1,"column":555}},"15":{"start":{"line":1,"column":513},"end":{"line":1,"column":555}},"16":{"start":{"line":1,"column":555},"end":{"line":1,"column":574}},"17":{"start":{"line":1,"column":580},"end":{"line":1,"column":1012}},"18":{"start":{"line":1,"column":628},"end":{"line":1,"column":671}},"19":{"start":{"line":1,"column":645},"end":{"line":1,"column":671}},"20":{"start":{"line":1,"column":671},"end":{"line":1,"column":729}},"21":{"start":{"line":1,"column":729},"end":{"line":1,"column":1010}},"22":{"start":{"line":1,"column":750},"end":{"line":1,"column":791}},"23":{"start":{"line":1,"column":791},"end":{"line":1,"column":870}},"24":{"start":{"line":1,"column":809},"end":{"line":1,"column":826}},"25":{"start":{"line":1,"column":832},"end":{"line":1,"column":869}},"26":{"start":{"line":1,"column":876},"end":{"line":1,"column":1010}},"27":{"start":{"line":1,"column":895},"end":{"line":1,"column":913}},"28":{"start":{"line":1,"column":919},"end":{"line":1,"column":939}},"29":{"start":{"line":1,"column":939},"end":{"line":1,"column":980}},"30":{"start":{"line":1,"column":962},"end":{"line":1,"column":979}},"31":{"start":{"line":1,"column":980},"end":{"line":1,"column":1009}},"32":{"start":{"line":1,"column":1012},"end":{"line":1,"column":1062}},"33":{"start":{"line":1,"column":1062},"end":{"line":1,"column":1125}},"34":{"start":{"line":3,"column":0},"end":{"line":3,"column":53}},"35":{"start":{"line":3,"column":53},"end":{"line":3,"column":108}},"36":{"start":{"line":4,"column":0},"end":{"line":4,"column":58}},"37":{"start":{"line":4,"column":58},"end":{"line":4,"column":117}},"38":{"start":{"line":5,"column":0},"end":{"line":5,"column":35}},"39":{"start":{"line":5,"column":35},"end":{"line":5,"column":78}},"40":{"start":{"line":6,"column":0},"end":{"line":6,"column":31}},"41":{"start":{"line":6,"column":31},"end":{"line":6,"column":75}},"42":{"start":{"line":6,"column":75},"end":{"line":6,"column":158}},"43":{"start":{"line":6,"column":112},"end":{"line":6,"column":157}},"44":{"start":{"line":6,"column":158},"end":{"line":6,"column":303}},"45":{"start":{"line":6,"column":205},"end":{"line":6,"column":302}},"46":{"start":{"line":6,"column":244},"end":{"line":6,"column":301}},"47":{"start":{"line":6,"column":303},"end":{"line":6,"column":522}},"48":{"start":{"line":6,"column":350},"end":{"line":6,"column":447}},"49":{"start":{"line":6,"column":360},"end":{"line":6,"column":446}},"50":{"start":{"line":6,"column":447},"end":{"line":6,"column":521}},"51":{"start":{"line":6,"column":522},"end":{"line":6,"column":972}},"52":{"start":{"line":6,"column":562},"end":{"line":6,"column":715}},"53":{"start":{"line":6,"column":616},"end":{"line":6,"column":714}},"54":{"start":{"line":6,"column":715},"end":{"line":6,"column":862}},"55":{"start":{"line":6,"column":862},"end":{"line":6,"column":971}},"56":{"start":{"line":6,"column":876},"end":{"line":6,"column":971}},"57":{"start":{"line":6,"column":972},"end":{"line":35,"column":66}},"58":{"start":{"line":8,"column":33},"end":{"line":8,"column":67}},"59":{"start":{"line":9,"column":0},"end":{"line":12,"column":32}},"60":{"start":{"line":9,"column":27},"end":{"line":9,"column":65}},"61":{"start":{"line":9,"column":65},"end":{"line":9,"column":158}},"62":{"start":{"line":11,"column":0},"end":{"line":11,"column":23}},"63":{"start":{"line":12,"column":0},"end":{"line":12,"column":18}},"64":{"start":{"line":12,"column":18},"end":{"line":12,"column":31}},"65":{"start":{"line":12,"column":32},"end":{"line":35,"column":24}},"66":{"start":{"line":16,"column":0},"end":{"line":16,"column":28}},"67":{"start":{"line":17,"column":0},"end":{"line":17,"column":84}},"68":{"start":{"line":21,"column":0},"end":{"line":22,"column":65}},"69":{"start":{"line":23,"column":0},"end":{"line":23,"column":84}},"70":{"start":{"line":27,"column":0},"end":{"line":27,"column":17}},"71":{"start":{"line":31,"column":0},"end":{"line":31,"column":24}},"72":{"start":{"line":35,"column":0},"end":{"line":35,"column":19}},"73":{"start":{"line":35,"column":24},"end":{"line":35,"column":47}},"74":{"start":{"line":39,"column":0},"end":{"line":39,"column":42}},"75":{"start":{"line":41,"column":0},"end":{"line":56,"column":11}},"76":{"start":{"line":42,"column":0},"end":{"line":56,"column":8}},"77":{"start":{"line":45,"column":0},"end":{"line":45,"column":44}},"78":{"start":{"line":46,"column":0},"end":{"line":46,"column":6}},"79":{"start":{"line":49,"column":0},"end":{"line":49,"column":30}},"80":{"start":{"line":50,"column":0},"end":{"line":50,"column":6}},"81":{"start":{"line":53,"column":0},"end":{"line":53,"column":30}},"82":{"start":{"line":54,"column":0},"end":{"line":54,"column":6}},"83":{"start":{"line":56,"column":0},"end":{"line":56,"column":7}},"84":{"start":{"line":56,"column":11},"end":{"line":60,"column":16}}},"branchMap":{"1":{"line":1,"type":"binary-expr","locations":[{"start":{"line":1,"column":216},"end":{"line":1,"column":237}},{"start":{"line":1,"column":239},"end":{"line":1,"column":244}}]},"2":{"line":1,"type":"if","locations":[{"start":{"line":1,"column":274},"end":{"line":1,"column":274}},{"start":{"line":1,"column":274},"end":{"line":1,"column":274}}]},"3":{"line":1,"type":"if","locations":[{"start":{"line":1,"column":433},"end":{"line":1,"column":433}},{"start":{"line":1,"column":433},"end":{"line":1,"column":433}}]},"4":{"line":1,"type":"if","locations":[{"start":{"line":1,"column":498},"end":{"line":1,"column":498}},{"start":{"line":1,"column":498},"end":{"line":1,"column":498}}]},"5":{"line":1,"type":"if","locations":[{"start":{"line":1,"column":628},"end":{"line":1,"column":628}},{"start":{"line":1,"column":628},"end":{"line":1,"column":628}}]},"6":{"line":1,"type":"if","locations":[{"start":{"line":1,"column":729},"end":{"line":1,"column":729}},{"start":{"line":1,"column":729},"end":{"line":1,"column":729}}]},"7":{"line":1,"type":"if","locations":[{"start":{"line":1,"column":791},"end":{"line":1,"column":791}},{"start":{"line":1,"column":791},"end":{"line":1,"column":791}}]},"8":{"line":1,"type":"if","locations":[{"start":{"line":1,"column":876},"end":{"line":1,"column":876}},{"start":{"line":1,"column":876},"end":{"line":1,"column":876}}]},"9":{"line":1,"type":"if","locations":[{"start":{"line":1,"column":939},"end":{"line":1,"column":939}},{"start":{"line":1,"column":939},"end":{"line":1,"column":939}}]},"10":{"line":6,"type":"cond-expr","locations":[{"start":{"line":6,"column":139},"end":{"line":6,"column":142}},{"start":{"line":6,"column":143},"end":{"line":6,"column":156}}]},"11":{"line":6,"type":"binary-expr","locations":[{"start":{"line":6,"column":119},"end":{"line":6,"column":122}},{"start":{"line":6,"column":124},"end":{"line":6,"column":138}}]},"12":{"line":6,"type":"if","locations":[{"start":{"line":6,"column":205},"end":{"line":6,"column":205}},{"start":{"line":6,"column":205},"end":{"line":6,"column":205}}]},"13":{"line":6,"type":"if","locations":[{"start":{"line":6,"column":350},"end":{"line":6,"column":350}},{"start":{"line":6,"column":350},"end":{"line":6,"column":350}}]},"14":{"line":6,"type":"cond-expr","locations":[{"start":{"line":6,"column":511},"end":{"line":6,"column":515}},{"start":{"line":6,"column":516},"end":{"line":6,"column":520}}]},"15":{"line":6,"type":"binary-expr","locations":[{"start":{"line":6,"column":454},"end":{"line":6,"column":458}},{"start":{"line":6,"column":461},"end":{"line":6,"column":483}},{"start":{"line":6,"column":485},"end":{"line":6,"column":509}}]},"16":{"line":6,"type":"if","locations":[{"start":{"line":6,"column":562},"end":{"line":6,"column":562}},{"start":{"line":6,"column":562},"end":{"line":6,"column":562}}]},"17":{"line":6,"type":"binary-expr","locations":[{"start":{"line":6,"column":565},"end":{"line":6,"column":595}},{"start":{"line":6,"column":597},"end":{"line":6,"column":614}}]},"18":{"line":6,"type":"binary-expr","locations":[{"start":{"line":6,"column":748},"end":{"line":6,"column":758}},{"start":{"line":6,"column":760},"end":{"line":6,"column":780}}]},"19":{"line":6,"type":"if","locations":[{"start":{"line":6,"column":862},"end":{"line":6,"column":862}},{"start":{"line":6,"column":862},"end":{"line":6,"column":862}}]},"20":{"line":6,"type":"cond-expr","locations":[{"start":{"line":6,"column":898},"end":{"line":6,"column":940}},{"start":{"line":6,"column":941},"end":{"line":6,"column":970}}]},"21":{"line":42,"type":"switch","locations":[{"start":{"line":43,"column":0},"end":{"line":43,"column":40}},{"start":{"line":44,"column":0},"end":{"line":46,"column":6}},{"start":{"line":47,"column":0},"end":{"line":47,"column":46}},{"start":{"line":48,"column":0},"end":{"line":50,"column":6}},{"start":{"line":51,"column":0},"end":{"line":51,"column":52}},{"start":{"line":52,"column":0},"end":{"line":54,"column":6}},{"start":{"line":55,"column":0},"end":{"line":56,"column":7}}]}},"l":{"1":25,"3":5,"4":5,"5":5,"6":25,"8":5,"9":5,"11":5,"12":5,"16":4,"17":4,"21":0,"23":0,"27":0,"31":4,"35":5,"39":5,"41":5,"42":4,"45":4,"46":4,"49":0,"50":0,"53":0,"54":0,"56":5}}}
