TN:
SF:/Users/dmh/Coding/Projects/Kort-Reloaded/kort-reloaded/js/dto/Mission.js
FN:1,_interopRequireDefault
FN:1,_classCallCheck
FN:1,_possibleConstructorReturn
FN:1,_inherits
FN:3,(anonymous_5)
FN:4,Mission
FNF:6
FNH:6
FNDA:2,_interopRequireDefault
FNDA:10,_classCallCheck
FNDA:10,_possibleConstructorReturn
FNDA:2,_inherits
FNDA:2,(anonymous_5)
FNDA:10,Mission
DA:1,10
DA:3,2
DA:4,2
DA:6,10
DA:10,10
DA:11,10
LF:6
LH:6
BRDA:1,1,0,2
BRDA:1,1,1,0
BRDA:1,2,0,2
BRDA:1,2,1,2
BRDA:1,3,0,0
BRDA:1,3,1,10
BRDA:1,4,0,0
BRDA:1,4,1,10
BRDA:1,5,0,0
BRDA:1,5,1,10
BRDA:1,6,0,10
BRDA:1,6,1,0
BRDA:1,6,2,0
BRDA:1,7,0,0
BRDA:1,7,1,2
BRDA:1,8,0,2
BRDA:1,8,1,0
BRDA:1,9,0,2
BRDA:1,9,1,2
BRDA:1,10,0,2
BRDA:1,10,1,0
BRDA:1,11,0,2
BRDA:1,11,1,0
BRF:23
BRH:13
end_of_record
TN:
SF:/Users/dmh/Coding/Projects/Kort-Reloaded/kort-reloaded/js/dto/Task.js
FN:1,(anonymous_1)
FN:1,defineProperties
FN:1,(anonymous_3)
FN:1,_classCallCheck
FN:1,(anonymous_5)
FN:2,Task
FN:24,_setAnnotationImage
FNF:7
FNH:7
FNDA:2,(anonymous_1)
FNDA:2,defineProperties
FNDA:2,(anonymous_3)
FNDA:28,_classCallCheck
FNDA:2,(anonymous_5)
FNDA:28,Task
FNDA:28,_setAnnotationImage
DA:1,28
DA:2,2
DA:3,28
DA:4,28
DA:5,28
DA:6,28
DA:7,28
DA:8,28
DA:9,28
DA:10,28
DA:11,28
DA:12,28
DA:13,28
DA:14,28
DA:15,28
DA:16,28
DA:17,28
DA:18,28
DA:19,28
DA:20,28
DA:21,28
DA:23,28
DA:24,28
DA:28,28
DA:30,3
DA:31,3
DA:33,1
DA:34,1
DA:36,1
DA:37,1
DA:39,7
DA:40,7
DA:42,1
DA:43,1
DA:45,10
DA:46,10
DA:48,3
DA:49,3
DA:51,2
LF:39
LH:39
BRDA:1,1,0,2
BRDA:1,1,1,2
BRDA:1,2,0,2
BRDA:1,2,1,0
BRDA:1,3,0,2
BRDA:1,3,1,0
BRDA:1,4,0,0
BRDA:1,4,1,2
BRDA:1,5,0,0
BRDA:1,5,1,28
BRDA:28,6,0,3
BRDA:28,6,1,1
BRDA:28,6,2,1
BRDA:28,6,3,7
BRDA:28,6,4,1
BRDA:28,6,5,10
BRDA:28,6,6,3
BRDA:28,6,7,2
BRF:18
BRH:14
end_of_record
TN:
SF:/Users/dmh/Coding/Projects/Kort-Reloaded/kort-reloaded/js/dto/Validation.js
FN:1,_interopRequireDefault
FN:1,_classCallCheck
FN:1,_possibleConstructorReturn
FN:1,_inherits
FN:3,(anonymous_5)
FN:4,Validation
FNF:6
FNH:6
FNDA:2,_interopRequireDefault
FNDA:9,_classCallCheck
FNDA:9,_possibleConstructorReturn
FNDA:2,_inherits
FNDA:2,(anonymous_5)
FNDA:9,Validation
DA:1,9
DA:3,2
DA:4,2
DA:6,9
DA:10,9
DA:11,9
DA:12,9
DA:13,9
DA:14,9
DA:15,9
LF:10
LH:10
BRDA:1,1,0,2
BRDA:1,1,1,0
BRDA:1,2,0,2
BRDA:1,2,1,2
BRDA:1,3,0,0
BRDA:1,3,1,9
BRDA:1,4,0,0
BRDA:1,4,1,9
BRDA:1,5,0,0
BRDA:1,5,1,9
BRDA:1,6,0,9
BRDA:1,6,1,0
BRDA:1,6,2,0
BRDA:1,7,0,0
BRDA:1,7,1,2
BRDA:1,8,0,2
BRDA:1,8,1,0
BRDA:1,9,0,2
BRDA:1,9,1,2
BRDA:1,10,0,2
BRDA:1,10,1,0
BRDA:1,11,0,2
BRDA:1,11,1,0
BRF:23
BRH:13
end_of_record
TN:
SF:/Users/dmh/Coding/Projects/Kort-Reloaded/kort-reloaded/js/constants/ActionTypes.js
FN:1,_interopRequireDefault
FNF:1
FNH:1
FNDA:7,_interopRequireDefault
DA:1,7
DA:3,7
LF:2
LH:2
BRDA:1,1,0,0
BRDA:1,1,1,7
BRDA:1,2,0,7
BRDA:1,2,1,7
BRF:4
BRH:3
end_of_record
TN:
SF:/Users/dmh/Coding/Projects/Kort-Reloaded/kort-reloaded/js/dto/HighscoreEntry.js
FN:1,_classCallCheck
FN:2,HighscoreEntry
FNF:2
FNH:0
FNDA:0,_classCallCheck
FNDA:0,HighscoreEntry
DA:1,1
DA:3,0
DA:4,0
DA:5,0
DA:6,0
DA:7,0
DA:8,0
DA:9,0
DA:10,0
DA:11,0
DA:12,0
DA:13,1
LF:12
LH:2
BRDA:1,1,0,0
BRDA:1,1,1,0
BRF:2
BRH:0
end_of_record
TN:
SF:/Users/dmh/Coding/Projects/Kort-Reloaded/kort-reloaded/js/dispatcher/AppDispatcher.js
FNF:0
FNH:0
DA:1,9
LF:1
LH:1
BRF:0
BRH:0
end_of_record
TN:
SF:/Users/dmh/Coding/Projects/Kort-Reloaded/kort-reloaded/js/stores/HighscoreStore.js
FN:1,(anonymous_1)
FN:1,defineProperties
FN:1,(anonymous_3)
FN:1,get
FN:6,_interopRequireDefault
FN:6,_classCallCheck
FN:6,_possibleConstructorReturn
FN:6,_inherits
FN:8,(anonymous_9)
FN:9,HighscoreStore
FN:12,_setHighscore
FN:17,_raiseError
FN:22,_clearError
FN:26,getHighscore
FN:30,getError
FN:40,(anonymous_16)
FNF:16
FNH:13
FNDA:3,(anonymous_1)
FNDA:3,defineProperties
FNDA:3,(anonymous_3)
FNDA:1,get
FNDA:15,_interopRequireDefault
FNDA:3,_classCallCheck
FNDA:3,_possibleConstructorReturn
FNDA:3,_inherits
FNDA:3,(anonymous_9)
FNDA:3,HighscoreStore
FNDA:1,_setHighscore
FNDA:0,_raiseError
FNDA:0,_clearError
FNDA:2,getHighscore
FNDA:0,getError
FNDA:1,(anonymous_16)
DA:1,15
DA:3,3
DA:4,3
DA:5,3
DA:6,15
DA:8,3
DA:9,3
DA:11,3
DA:12,3
DA:16,1
DA:17,1
DA:21,0
DA:22,0
DA:26,0
DA:30,2
DA:34,3
DA:38,3
DA:40,3
DA:41,1
DA:43,1
DA:44,1
DA:46,0
DA:47,0
DA:49,0
DA:50,0
DA:52,3
LF:26
LH:19
BRDA:1,1,0,15
BRDA:1,1,1,15
BRDA:1,2,0,15
BRDA:1,2,1,0
BRDA:1,3,0,3
BRDA:1,3,1,0
BRDA:1,4,0,0
BRDA:1,4,1,3
BRDA:1,5,0,0
BRDA:1,5,1,1
BRDA:1,6,0,0
BRDA:1,6,1,1
BRDA:1,7,0,0
BRDA:1,7,1,0
BRDA:1,8,0,1
BRDA:1,8,1,0
BRDA:1,9,0,0
BRDA:1,9,1,0
BRDA:6,10,0,9
BRDA:6,10,1,6
BRDA:6,11,0,15
BRDA:6,11,1,15
BRDA:6,12,0,0
BRDA:6,12,1,3
BRDA:6,13,0,0
BRDA:6,13,1,3
BRDA:6,14,0,0
BRDA:6,14,1,3
BRDA:6,15,0,3
BRDA:6,15,1,0
BRDA:6,15,2,0
BRDA:6,16,0,0
BRDA:6,16,1,3
BRDA:6,17,0,3
BRDA:6,17,1,0
BRDA:6,18,0,3
BRDA:6,18,1,3
BRDA:6,19,0,3
BRDA:6,19,1,0
BRDA:6,20,0,3
BRDA:6,20,1,0
BRDA:41,21,0,1
BRDA:41,21,1,0
BRDA:41,21,2,0
BRDA:41,21,3,0
BRF:45
BRH:23
end_of_record
TN:
SF:/Users/dmh/Coding/Projects/Kort-Reloaded/kort-reloaded/js/__mocks__/react-native-i18n.js
FNF:0
FNH:0
DA:1,41
LF:1
LH:1
BRF:0
BRH:0
end_of_record
TN:
SF:/Users/dmh/Coding/Projects/Kort-Reloaded/kort-reloaded/js/dto/Error.js
FN:1,_classCallCheck
FN:2,_class
FNF:2
FNH:0
FNDA:0,_classCallCheck
FNDA:0,_class
DA:1,7
DA:2,0
DA:3,0
DA:4,7
LF:4
LH:2
BRDA:1,1,0,0
BRDA:1,1,1,0
BRF:2
BRH:0
end_of_record
TN:
SF:/Users/dmh/Coding/Projects/Kort-Reloaded/kort-reloaded/js/stores/Store.js
FN:1,(anonymous_1)
FN:1,defineProperties
FN:1,(anonymous_3)
FN:3,_interopRequireDefault
FN:3,_classCallCheck
FN:3,_possibleConstructorReturn
FN:3,_inherits
FN:7,(anonymous_8)
FN:7,Store
FN:7,emitChange
FN:9,addChangeListener
FN:13,removeChangeListener
FNF:12
FNH:10
FNDA:16,(anonymous_1)
FNDA:16,defineProperties
FNDA:16,(anonymous_3)
FNDA:16,_interopRequireDefault
FNDA:10,_classCallCheck
FNDA:10,_possibleConstructorReturn
FNDA:16,_inherits
FNDA:16,(anonymous_8)
FNDA:10,Store
FNDA:8,emitChange
FNDA:0,addChangeListener
FNDA:0,removeChangeListener
DA:1,48
DA:3,16
DA:5,16
DA:7,16
DA:9,8
DA:13,0
DA:17,16
DA:21,16
LF:8
LH:7
BRDA:1,1,0,48
BRDA:1,1,1,48
BRDA:1,2,0,48
BRDA:1,2,1,0
BRDA:1,3,0,16
BRDA:1,3,1,0
BRDA:1,4,0,0
BRDA:1,4,1,16
BRDA:3,5,0,16
BRDA:3,5,1,0
BRDA:3,6,0,16
BRDA:3,6,1,16
BRDA:3,7,0,0
BRDA:3,7,1,10
BRDA:3,8,0,0
BRDA:3,8,1,10
BRDA:3,9,0,0
BRDA:3,9,1,10
BRDA:3,10,0,10
BRDA:3,10,1,0
BRDA:3,10,2,0
BRDA:3,11,0,0
BRDA:3,11,1,16
BRDA:3,12,0,16
BRDA:3,12,1,0
BRDA:3,13,0,16
BRDA:3,13,1,16
BRDA:3,14,0,16
BRDA:3,14,1,0
BRDA:3,15,0,16
BRDA:3,15,1,0
BRF:31
BRH:18
end_of_record
TN:
SF:/Users/dmh/Coding/Projects/Kort-Reloaded/kort-reloaded/js/constants/Config.js
FN:3,_interopRequireDefault
FNF:1
FNH:1
FNDA:7,_interopRequireDefault
DA:1,7
DA:3,7
LF:2
LH:2
BRDA:3,1,0,7
BRDA:3,1,1,0
BRDA:3,2,0,7
BRDA:3,2,1,7
BRF:4
BRH:3
end_of_record
TN:
SF:/Users/dmh/Coding/Projects/Kort-Reloaded/kort-reloaded/js/constants/SecretConfig.js
FNF:0
FNH:0
DA:1,7
LF:1
LH:1
BRF:0
BRH:0
end_of_record
TN:
SF:/Users/dmh/Coding/Projects/Kort-Reloaded/kort-reloaded/js/stores/LocationStore.js
FN:1,(anonymous_1)
FN:1,defineProperties
FN:1,(anonymous_3)
FN:1,get
FN:7,_interopRequireDefault
FN:7,_classCallCheck
FN:7,_possibleConstructorReturn
FN:7,_inherits
FN:11,(anonymous_9)
FN:12,LocationStore
FN:18,_onPositionChange
FN:23,_startWatchingLocation
FN:30,(anonymous_13)
FN:34,(anonymous_14)
FN:35,_stopWatchingLocation
FN:40,_raiseLocationError
FN:45,_clearError
FN:49,getPosition
FN:53,getLatitude
FN:58,getLongitude
FN:63,isWatching
FN:67,getError
FN:77,(anonymous_23)
FNF:23
FNH:12
FNDA:4,(anonymous_1)
FNDA:4,defineProperties
FNDA:4,(anonymous_3)
FNDA:0,get
FNDA:24,_interopRequireDefault
FNDA:4,_classCallCheck
FNDA:4,_possibleConstructorReturn
FNDA:4,_inherits
FNDA:4,(anonymous_9)
FNDA:4,LocationStore
FNDA:0,_onPositionChange
FNDA:0,_startWatchingLocation
FNDA:0,(anonymous_13)
FNDA:0,(anonymous_14)
FNDA:0,_stopWatchingLocation
FNDA:0,_raiseLocationError
FNDA:0,_clearError
FNDA:1,getPosition
FNDA:1,getLatitude
FNDA:1,getLongitude
FNDA:0,isWatching
FNDA:0,getError
FNDA:0,(anonymous_23)
DA:1,40
DA:3,4
DA:4,4
DA:5,4
DA:6,4
DA:7,24
DA:9,4
DA:11,4
DA:12,4
DA:14,4
DA:15,4
DA:16,4
DA:18,4
DA:22,0
DA:23,0
DA:26,0
DA:27,0
DA:28,0
DA:30,0
DA:32,0
DA:34,0
DA:40,0
DA:44,0
DA:45,0
DA:49,0
DA:53,1
DA:57,1
DA:58,1
DA:62,1
DA:63,1
DA:67,0
DA:71,4
DA:75,4
DA:77,4
DA:78,0
DA:80,0
DA:81,0
DA:83,0
DA:84,0
DA:86,0
DA:87,0
DA:89,4
LF:42
LH:22
BRDA:1,1,0,40
BRDA:1,1,1,40
BRDA:1,2,0,40
BRDA:1,2,1,0
BRDA:1,3,0,4
BRDA:1,3,1,0
BRDA:1,4,0,0
BRDA:1,4,1,4
BRDA:1,5,0,0
BRDA:1,5,1,0
BRDA:1,6,0,0
BRDA:1,6,1,0
BRDA:1,7,0,0
BRDA:1,7,1,0
BRDA:1,8,0,0
BRDA:1,8,1,0
BRDA:1,9,0,0
BRDA:1,9,1,0
BRDA:7,10,0,16
BRDA:7,10,1,8
BRDA:7,11,0,24
BRDA:7,11,1,24
BRDA:7,12,0,0
BRDA:7,12,1,4
BRDA:7,13,0,0
BRDA:7,13,1,4
BRDA:7,14,0,0
BRDA:7,14,1,4
BRDA:7,15,0,4
BRDA:7,15,1,0
BRDA:7,15,2,0
BRDA:7,16,0,0
BRDA:7,16,1,4
BRDA:7,17,0,4
BRDA:7,17,1,0
BRDA:7,18,0,4
BRDA:7,18,1,4
BRDA:7,19,0,4
BRDA:7,19,1,0
BRDA:7,20,0,4
BRDA:7,20,1,0
BRDA:57,21,0,1
BRDA:57,21,1,0
BRDA:62,22,0,1
BRDA:62,22,1,0
BRDA:78,23,0,0
BRDA:78,23,1,0
BRDA:78,23,2,0
BRDA:78,23,3,0
BRF:49
BRH:21
end_of_record
TN:
SF:/Users/dmh/Coding/Projects/Kort-Reloaded/kort-reloaded/js/dto/Answer.js
FN:1,_classCallCheck
FN:2,Answer
FNF:2
FNH:2
FNDA:78,_classCallCheck
FNDA:78,Answer
DA:1,78
DA:2,78
DA:3,78
DA:4,78
DA:5,78
DA:6,78
DA:7,78
LF:7
LH:7
BRDA:1,1,0,0
BRDA:1,1,1,78
BRF:2
BRH:1
end_of_record
TN:
SF:/Users/dmh/Coding/Projects/Kort-Reloaded/kort-reloaded/js/stores/AnswerStore.js
FN:1,(anonymous_1)
FN:1,defineProperties
FN:1,(anonymous_3)
FN:1,get
FN:6,_interopRequireDefault
FN:6,_classCallCheck
FN:6,_possibleConstructorReturn
FN:6,_inherits
FN:8,(anonymous_9)
FN:9,AnswerStore
FN:12,_setAllAnswers
FN:17,_setAnswersForType
FN:23,_raiseError
FN:28,_clearError
FN:32,getAnswersForType
FN:41,getAllAnswers
FN:45,getError
FN:55,(anonymous_18)
FNF:18
FNH:15
FNDA:9,(anonymous_1)
FNDA:9,defineProperties
FNDA:9,(anonymous_3)
FNDA:7,get
FNDA:45,_interopRequireDefault
FNDA:9,_classCallCheck
FNDA:9,_possibleConstructorReturn
FNDA:9,_inherits
FNDA:9,(anonymous_9)
FNDA:9,AnswerStore
FNDA:4,_setAllAnswers
FNDA:3,_setAnswersForType
FNDA:0,_raiseError
FNDA:0,_clearError
FNDA:4,getAnswersForType
FNDA:5,getAllAnswers
FNDA:0,getError
FNDA:7,(anonymous_18)
DA:1,63
DA:3,9
DA:4,9
DA:5,9
DA:6,45
DA:8,9
DA:9,9
DA:11,9
DA:12,9
DA:16,4
DA:17,4
DA:21,3
DA:22,3
DA:23,3
DA:27,0
DA:28,0
DA:32,0
DA:36,4
DA:38,3
DA:39,3
DA:41,2
DA:45,5
DA:49,9
DA:53,9
DA:55,9
DA:56,7
DA:58,4
DA:59,4
DA:61,3
DA:62,3
DA:65,0
DA:66,0
DA:68,0
DA:69,0
DA:71,9
LF:35
LH:28
BRDA:1,1,0,63
BRDA:1,1,1,63
BRDA:1,2,0,63
BRDA:1,2,1,0
BRDA:1,3,0,9
BRDA:1,3,1,0
BRDA:1,4,0,0
BRDA:1,4,1,9
BRDA:1,5,0,0
BRDA:1,5,1,7
BRDA:1,6,0,0
BRDA:1,6,1,7
BRDA:1,7,0,0
BRDA:1,7,1,0
BRDA:1,8,0,7
BRDA:1,8,1,0
BRDA:1,9,0,0
BRDA:1,9,1,0
BRDA:6,10,0,27
BRDA:6,10,1,18
BRDA:6,11,0,45
BRDA:6,11,1,45
BRDA:6,12,0,0
BRDA:6,12,1,9
BRDA:6,13,0,0
BRDA:6,13,1,9
BRDA:6,14,0,0
BRDA:6,14,1,9
BRDA:6,15,0,9
BRDA:6,15,1,0
BRDA:6,15,2,0
BRDA:6,16,0,0
BRDA:6,16,1,9
BRDA:6,17,0,9
BRDA:6,17,1,0
BRDA:6,18,0,9
BRDA:6,18,1,9
BRDA:6,19,0,9
BRDA:6,19,1,0
BRDA:6,20,0,9
BRDA:6,20,1,0
BRDA:21,21,0,3
BRDA:21,21,1,0
BRDA:36,22,0,1
BRDA:36,22,1,3
BRDA:39,23,0,1
BRDA:39,23,1,2
BRDA:56,24,0,4
BRDA:56,24,1,3
BRDA:56,24,2,0
BRDA:56,24,3,0
BRDA:56,24,4,0
BRDA:56,24,5,0
BRF:53
BRH:29
end_of_record
TN:
SF:/Users/dmh/Coding/Projects/Kort-Reloaded/kort-reloaded/js/stores/TaskStore.js
FN:1,(anonymous_1)
FN:1,defineProperties
FN:1,(anonymous_3)
FN:1,get
FN:6,_interopRequireDefault
FN:6,_classCallCheck
FN:6,_possibleConstructorReturn
FN:6,_inherits
FN:8,(anonymous_9)
FN:9,TaskStore
FN:12,_setTasks
FN:17,_raiseError
FN:22,_clearError
FN:26,getAll
FN:30,get
FN:42,getError
FN:52,(anonymous_17)
FNF:17
FNH:14
FNDA:10,(anonymous_1)
FNDA:10,defineProperties
FNDA:10,(anonymous_3)
FNDA:8,get
FNDA:50,_interopRequireDefault
FNDA:10,_classCallCheck
FNDA:10,_possibleConstructorReturn
FNDA:10,_inherits
FNDA:10,(anonymous_9)
FNDA:10,TaskStore
FNDA:8,_setTasks
FNDA:0,_raiseError
FNDA:0,_clearError
FNDA:8,getAll
FNDA:3,get
FNDA:0,getError
FNDA:8,(anonymous_17)
DA:1,60
DA:3,10
DA:4,10
DA:5,10
DA:6,50
DA:8,10
DA:9,10
DA:11,10
DA:12,10
DA:16,8
DA:17,8
DA:21,0
DA:22,0
DA:26,0
DA:30,8
DA:34,3
DA:36,3
DA:37,2
DA:38,1
DA:42,1
DA:46,10
DA:50,10
DA:52,10
DA:53,8
DA:55,8
DA:56,8
DA:59,0
DA:60,0
DA:62,0
DA:63,0
DA:65,10
LF:31
LH:24
BRDA:1,1,0,60
BRDA:1,1,1,60
BRDA:1,2,0,60
BRDA:1,2,1,0
BRDA:1,3,0,10
BRDA:1,3,1,0
BRDA:1,4,0,0
BRDA:1,4,1,10
BRDA:1,5,0,0
BRDA:1,5,1,8
BRDA:1,6,0,0
BRDA:1,6,1,8
BRDA:1,7,0,0
BRDA:1,7,1,0
BRDA:1,8,0,8
BRDA:1,8,1,0
BRDA:1,9,0,0
BRDA:1,9,1,0
BRDA:6,10,0,30
BRDA:6,10,1,20
BRDA:6,11,0,50
BRDA:6,11,1,50
BRDA:6,12,0,0
BRDA:6,12,1,10
BRDA:6,13,0,0
BRDA:6,13,1,10
BRDA:6,14,0,10
BRDA:6,14,1,0
BRDA:6,15,0,10
BRDA:6,15,1,10
BRDA:6,15,2,0
BRDA:6,16,0,0
BRDA:6,16,1,10
BRDA:6,17,0,10
BRDA:6,17,1,0
BRDA:6,18,0,10
BRDA:6,18,1,10
BRDA:6,19,0,10
BRDA:6,19,1,0
BRDA:6,20,0,10
BRDA:6,20,1,0
BRDA:34,21,0,1
BRDA:34,21,1,2
BRDA:36,22,0,3
BRDA:36,22,1,0
BRDA:36,23,0,1
BRDA:36,23,1,2
BRDA:36,24,0,0
BRDA:36,24,1,0
BRDA:37,25,0,1
BRDA:37,25,1,1
BRDA:53,26,0,8
BRDA:53,26,1,0
BRDA:53,26,2,0
BRDA:53,26,3,0
BRDA:53,26,4,0
BRF:56
BRH:31
end_of_record
TN:
SF:/Users/dmh/Coding/Projects/Kort-Reloaded/kort-reloaded/js/stores/AuthenticationStore.js
FN:1,(anonymous_1)
FN:1,defineProperties
FN:1,(anonymous_3)
FN:1,get
FN:12,_interopRequireDefault
FN:12,_classCallCheck
FN:12,_possibleConstructorReturn
FN:12,_inherits
FN:17,(anonymous_9)
FN:18,AuthenticationStore
FN:22,_loadUserCredential
FN:30,_loadUserCredential$
FN:36,_saveUserCredential
FN:40,_saveUserCredential$
FN:45,_removeUserCredential
FN:45,_removeUserCredential$
FN:54,_logInUser
FN:61,_logOutUser
FN:68,_raiseError
FN:72,_clearError
FN:76,getUserCredential
FN:80,getUserId
FN:84,getSecret
FN:88,isLoggedIn
FN:92,isLoadingFromLocalStorage
FN:96,getError
FN:106,(anonymous_27)
FNF:27
FNH:11
FNDA:3,(anonymous_1)
FNDA:3,defineProperties
FNDA:3,(anonymous_3)
FNDA:0,get
FNDA:21,_interopRequireDefault
FNDA:3,_classCallCheck
FNDA:3,_possibleConstructorReturn
FNDA:3,_inherits
FNDA:3,(anonymous_9)
FNDA:3,AuthenticationStore
FNDA:0,_loadUserCredential
FNDA:0,_loadUserCredential$
FNDA:0,_saveUserCredential
FNDA:0,_saveUserCredential$
FNDA:0,_removeUserCredential
FNDA:0,_removeUserCredential$
FNDA:0,_logInUser
FNDA:0,_logOutUser
FNDA:0,_raiseError
FNDA:0,_clearError
FNDA:1,getUserCredential
FNDA:0,getUserId
FNDA:0,getSecret
FNDA:1,isLoggedIn
FNDA:0,isLoadingFromLocalStorage
FNDA:0,getError
FNDA:0,(anonymous_27)
DA:1,39
DA:2,3
DA:4,3
DA:5,3
DA:7,3
DA:9,3
DA:10,3
DA:12,21
DA:14,3
DA:15,3
DA:17,3
DA:18,3
DA:20,3
DA:21,3
DA:22,3
DA:30,0
DA:31,0
DA:33,0
DA:36,0
DA:40,0
DA:42,0
DA:43,0
DA:45,0
DA:51,0
DA:52,0
DA:54,0
DA:59,0
DA:60,0
DA:61,0
DA:65,0
DA:66,0
DA:67,0
DA:68,0
DA:72,0
DA:76,0
DA:80,1
DA:84,0
DA:88,0
DA:92,1
DA:96,0
DA:100,3
DA:104,3
DA:106,3
DA:107,0
DA:109,0
DA:110,0
DA:112,0
DA:113,0
DA:115,0
DA:116,0
DA:117,0
DA:120,0
DA:121,0
DA:123,0
DA:124,0
DA:126,3
LF:56
LH:21
BRDA:1,1,0,39
BRDA:1,1,1,39
BRDA:1,2,0,39
BRDA:1,2,1,0
BRDA:1,3,0,3
BRDA:1,3,1,0
BRDA:1,4,0,0
BRDA:1,4,1,3
BRDA:1,5,0,0
BRDA:1,5,1,0
BRDA:1,6,0,0
BRDA:1,6,1,0
BRDA:1,7,0,0
BRDA:1,7,1,0
BRDA:1,8,0,0
BRDA:1,8,1,0
BRDA:1,9,0,0
BRDA:1,9,1,0
BRDA:12,10,0,15
BRDA:12,10,1,6
BRDA:12,11,0,21
BRDA:12,11,1,21
BRDA:12,12,0,0
BRDA:12,12,1,3
BRDA:12,13,0,0
BRDA:12,13,1,3
BRDA:12,14,0,0
BRDA:12,14,1,3
BRDA:12,15,0,3
BRDA:12,15,1,0
BRDA:12,15,2,0
BRDA:12,16,0,0
BRDA:12,16,1,3
BRDA:12,17,0,3
BRDA:12,17,1,0
BRDA:12,18,0,3
BRDA:12,18,1,3
BRDA:12,19,0,3
BRDA:12,19,1,0
BRDA:12,20,0,3
BRDA:12,20,1,0
BRDA:30,21,0,0
BRDA:30,21,1,0
BRDA:30,21,2,0
BRDA:30,21,3,0
BRDA:30,21,4,0
BRDA:30,21,5,0
BRDA:30,22,0,0
BRDA:30,22,1,0
BRDA:30,23,0,0
BRDA:30,23,1,0
BRDA:40,24,0,0
BRDA:40,24,1,0
BRDA:40,24,2,0
BRDA:40,24,3,0
BRDA:40,24,4,0
BRDA:40,24,5,0
BRDA:45,25,0,0
BRDA:45,25,1,0
BRDA:45,25,2,0
BRDA:45,25,3,0
BRDA:45,25,4,0
BRDA:45,25,5,0
BRDA:107,26,0,0
BRDA:107,26,1,0
BRDA:107,26,2,0
BRDA:107,26,3,0
BRDA:107,26,4,0
BRDA:107,26,5,0
BRDA:107,26,6,0
BRF:70
BRH:19
end_of_record
TN:
SF:/Users/dmh/Coding/Projects/Kort-Reloaded/kort-reloaded/js/dto/UserCredential.js
FN:1,_classCallCheck
FN:2,UserCredential
FNF:2
FNH:0
FNDA:0,_classCallCheck
FNDA:0,UserCredential
DA:1,3
DA:2,0
DA:3,0
DA:4,3
LF:4
LH:2
BRDA:1,1,0,0
BRDA:1,1,1,0
BRF:2
BRH:0
end_of_record
TN:
SF:/Users/dmh/Coding/Projects/Kort-Reloaded/kort-reloaded/js/dto/User.js
FN:1,_classCallCheck
FN:2,User
FNF:2
FNH:2
FNDA:11,_classCallCheck
FNDA:11,User
DA:1,11
DA:3,11
DA:4,11
DA:5,11
DA:6,11
DA:7,11
DA:8,11
DA:9,11
DA:10,11
DA:11,11
DA:12,11
DA:13,11
DA:14,11
DA:15,11
DA:16,11
DA:17,11
DA:18,11
LF:17
LH:17
BRDA:1,1,0,0
BRDA:1,1,1,11
BRF:2
BRH:1
end_of_record
TN:
SF:/Users/dmh/Coding/Projects/Kort-Reloaded/kort-reloaded/js/stores/UserStore.js
FN:1,(anonymous_1)
FN:1,defineProperties
FN:1,(anonymous_3)
FN:1,get
FN:8,_interopRequireDefault
FN:8,_classCallCheck
FN:8,_possibleConstructorReturn
FN:8,_inherits
FN:10,(anonymous_9)
FN:11,UserStore
FN:14,_setUser
FN:20,_updateOwnUser
FN:35,_raiseDefaultError
FN:40,_raiseUpdateError
FN:46,_clearError
FN:50,getUser
FN:59,getOwnUser
FN:64,getError
FN:74,(anonymous_19)
FNF:19
FNH:14
FNDA:7,(anonymous_1)
FNDA:7,defineProperties
FNDA:7,(anonymous_3)
FNDA:6,get
FNDA:42,_interopRequireDefault
FNDA:7,_classCallCheck
FNDA:7,_possibleConstructorReturn
FNDA:7,_inherits
FNDA:7,(anonymous_9)
FNDA:7,UserStore
FNDA:6,_setUser
FNDA:2,_updateOwnUser
FNDA:0,_raiseDefaultError
FNDA:0,_raiseUpdateError
FNDA:0,_clearError
FNDA:6,getUser
FNDA:0,getOwnUser
FNDA:0,getError
FNDA:7,(anonymous_19)
DA:1,56
DA:3,7
DA:4,7
DA:5,7
DA:6,7
DA:8,42
DA:10,7
DA:11,7
DA:13,7
DA:14,7
DA:18,6
DA:19,6
DA:20,6
DA:24,2
DA:26,1
DA:27,1
DA:29,1
DA:30,1
DA:31,1
DA:32,1
DA:33,1
DA:35,1
DA:39,0
DA:40,0
DA:44,0
DA:46,0
DA:50,0
DA:54,6
DA:56,4
DA:57,4
DA:59,3
DA:63,0
DA:64,0
DA:68,7
DA:72,7
DA:74,7
DA:75,7
DA:77,5
DA:78,5
DA:80,2
DA:81,2
DA:83,0
DA:84,0
DA:86,0
DA:87,0
DA:89,0
DA:90,0
DA:92,7
LF:48
LH:35
BRDA:1,1,0,56
BRDA:1,1,1,56
BRDA:1,2,0,56
BRDA:1,2,1,0
BRDA:1,3,0,7
BRDA:1,3,1,0
BRDA:1,4,0,0
BRDA:1,4,1,7
BRDA:1,5,0,0
BRDA:1,5,1,6
BRDA:1,6,0,0
BRDA:1,6,1,6
BRDA:1,7,0,0
BRDA:1,7,1,0
BRDA:1,8,0,6
BRDA:1,8,1,0
BRDA:1,9,0,0
BRDA:1,9,1,0
BRDA:8,10,0,28
BRDA:8,10,1,14
BRDA:8,11,0,42
BRDA:8,11,1,42
BRDA:8,12,0,0
BRDA:8,12,1,7
BRDA:8,13,0,0
BRDA:8,13,1,7
BRDA:8,14,0,0
BRDA:8,14,1,7
BRDA:8,15,0,7
BRDA:8,15,1,0
BRDA:8,15,2,0
BRDA:8,16,0,0
BRDA:8,16,1,7
BRDA:8,17,0,7
BRDA:8,17,1,0
BRDA:8,18,0,7
BRDA:8,18,1,7
BRDA:8,19,0,7
BRDA:8,19,1,0
BRDA:8,20,0,7
BRDA:8,20,1,0
BRDA:18,21,0,4
BRDA:18,21,1,2
BRDA:24,22,0,1
BRDA:24,22,1,1
BRDA:27,23,0,0
BRDA:27,23,1,1
BRDA:54,24,0,2
BRDA:54,24,1,4
BRDA:57,25,0,1
BRDA:57,25,1,3
BRDA:75,26,0,5
BRDA:75,26,1,2
BRDA:75,26,2,0
BRDA:75,26,3,0
BRDA:75,26,4,0
BRDA:75,26,5,0
BRF:57
BRH:33
end_of_record
TN:
SF:/Users/dmh/Coding/Projects/Kort-Reloaded/kort-reloaded/js/dto/TaskReward.js
FN:1,_classCallCheck
FN:2,TaskReward
FNF:2
FNH:2
FNDA:6,_classCallCheck
FNDA:6,TaskReward
DA:1,6
DA:2,6
DA:3,6
DA:4,6
DA:5,6
LF:5
LH:5
BRDA:1,1,0,0
BRDA:1,1,1,6
BRF:2
BRH:1
end_of_record
TN:
SF:/Users/dmh/Coding/Projects/Kort-Reloaded/kort-reloaded/js/stores/TaskRewardStore.js
FN:1,(anonymous_1)
FN:1,defineProperties
FN:1,(anonymous_3)
FN:1,get
FN:6,_interopRequireDefault
FN:6,_classCallCheck
FN:6,_possibleConstructorReturn
FN:6,_inherits
FN:8,(anonymous_9)
FN:9,TaskRewardStore
FN:12,_setTaskReward
FN:17,_raiseError
FN:23,_clearError
FN:27,getTaskReward
FN:31,getError
FN:41,(anonymous_16)
FNF:16
FNH:13
FNDA:5,(anonymous_1)
FNDA:5,defineProperties
FNDA:5,(anonymous_3)
FNDA:4,get
FNDA:25,_interopRequireDefault
FNDA:5,_classCallCheck
FNDA:5,_possibleConstructorReturn
FNDA:5,_inherits
FNDA:5,(anonymous_9)
FNDA:5,TaskRewardStore
FNDA:4,_setTaskReward
FNDA:0,_raiseError
FNDA:0,_clearError
FNDA:4,getTaskReward
FNDA:0,getError
FNDA:4,(anonymous_16)
DA:1,25
DA:3,5
DA:4,5
DA:5,5
DA:6,25
DA:8,5
DA:9,5
DA:11,5
DA:12,5
DA:16,4
DA:17,4
DA:21,0
DA:23,0
DA:27,0
DA:31,4
DA:35,5
DA:39,5
DA:41,5
DA:42,4
DA:45,4
DA:46,4
DA:49,0
DA:50,0
DA:53,0
DA:54,0
DA:56,5
LF:26
LH:19
BRDA:1,1,0,25
BRDA:1,1,1,25
BRDA:1,2,0,25
BRDA:1,2,1,0
BRDA:1,3,0,5
BRDA:1,3,1,0
BRDA:1,4,0,0
BRDA:1,4,1,5
BRDA:1,5,0,0
BRDA:1,5,1,4
BRDA:1,6,0,0
BRDA:1,6,1,4
BRDA:1,7,0,0
BRDA:1,7,1,0
BRDA:1,8,0,4
BRDA:1,8,1,0
BRDA:1,9,0,0
BRDA:1,9,1,0
BRDA:6,10,0,15
BRDA:6,10,1,10
BRDA:6,11,0,25
BRDA:6,11,1,25
BRDA:6,12,0,0
BRDA:6,12,1,5
BRDA:6,13,0,0
BRDA:6,13,1,5
BRDA:6,14,0,0
BRDA:6,14,1,5
BRDA:6,15,0,5
BRDA:6,15,1,0
BRDA:6,15,2,0
BRDA:6,16,0,0
BRDA:6,16,1,5
BRDA:6,17,0,5
BRDA:6,17,1,0
BRDA:6,18,0,5
BRDA:6,18,1,5
BRDA:6,19,0,5
BRDA:6,19,1,0
BRDA:6,20,0,5
BRDA:6,20,1,0
BRDA:42,21,0,3
BRDA:42,21,1,4
BRDA:42,21,2,0
BRDA:42,21,3,0
BRDA:42,21,4,0
BRDA:42,21,5,0
BRDA:42,21,6,0
BRF:48
BRH:24
end_of_record
